
================================================================
======== txAdmin v6.0.2 atop fxserver 6683 Starting - 11/30/2023, 6:41:55 PM
================================================================

================================================================
======== Log Rotated - 11/30/2023, 6:41:56 PM                   
================================================================
[18:45:34][Elvir_Thaqi1] logged in via in-game ui
[21:11:28][Elvir_Thaqi1] logged in from via NUI iframe
[21:11:31][Elvir_Thaqi1] executed "RESTART SERVER"
[21:13:07][Elvir_Thaqi1] logged in via in-game ui
[21:14:59][Elvir_Thaqi1] logged in from via NUI iframe
[21:15:05][Elvir_Thaqi1] executed "RESTART SERVER"
[21:17:17][Elvir_Thaqi1] logged in via in-game ui
[21:20:37][Elvir_Thaqi1] logged in via in-game ui

================================================================
======== txAdmin v6.0.2 atop fxserver 6683 Starting - 11/30/2023, 10:41:56 PM
================================================================
[22:45:49][Elvir_Thaqi1] logged in via in-game ui

================================================================
======== txAdmin v6.0.2 atop fxserver 6683 Starting - 11/30/2023, 10:48:33 PM
================================================================
[22:50:53][Elvir_Thaqi1] logged in via in-game ui
