
================================================================
======== txAdmin v6.0.2 atop fxserver 6683 Starting - 11/16/2023, 2:19:19 AM
================================================================

================================================================
======== Log Rotated - 11/16/2023, 2:19:19 AM                   
================================================================
[02:20:53][Elvir_Thaqi1] logged in from 127.0.0.1 via citizenfx
[02:21:42][Elvir_Thaqi1] executed "START SERVER"
[02:22:03][Elvir_Thaqi1] Changing fxRunner settings.
[02:22:05][Elvir_Thaqi1] executed "START SERVER"
[02:33:34][Elvir_Thaqi1] logged in via in-game ui

================================================================
======== txAdmin v6.0.2 atop fxserver 6683 Starting - 11/16/2023, 2:47:43 AM
================================================================
[02:52:51][Elvir_Thaqi1] logged in via in-game ui
[03:04:20][Elvir_Thaqi1] logged in from via NUI iframe
[03:05:49][Elvir_Thaqi1] logged in from 127.0.0.1 via citizenfx
[03:05:51][Elvir_Thaqi1] executed "RESTART SERVER"
[03:09:16][Elvir_Thaqi1] logged in via in-game ui
[03:10:13][Elvir_Thaqi1] executed "refresh"
[03:10:21][Elvir_Thaqi1] executed "STOP SERVER"
[03:10:29][Elvir_Thaqi1] executed "START SERVER"
[03:11:52][Elvir_Thaqi1] executed "RESTART SERVER"
[03:12:57][Elvir_Thaqi1] executed "RESTART SERVER"
[03:16:18][Elvir_Thaqi1] logged in via in-game ui

================================================================
======== txAdmin v6.0.2 atop fxserver 6683 Starting - 11/16/2023, 11:40:57 PM
================================================================
[23:46:24][Elvir_Thaqi1] logged in via in-game ui
[23:54:53][Elvir_Thaqi1] logged in from 127.0.0.1 via citizenfx
[23:54:53][Elvir_Thaqi1] logged in via in-game ui
[23:55:00][Elvir_Thaqi1] executed "RESTART SERVER"
[23:55:22][Elvir_Thaqi1] executed "RESTART SERVER"
[23:55:27][Elvir_Thaqi1] executed "STOP SERVER"
[23:55:32][Elvir_Thaqi1] executed "STOP SERVER"
[23:55:36][Elvir_Thaqi1] executed "START SERVER"
[23:58:58][Elvir_Thaqi1] logged in via in-game ui
[00:08:51][Elvir_Thaqi1] executed "RESTART SERVER"
[00:13:02][Elvir_Thaqi1] logged in via in-game ui
[00:52:19][Elvir_Thaqi1] executed "RESTART SERVER"
[00:57:24][Elvir_Thaqi1] logged in via in-game ui
[00:59:51][Elvir_Thaqi1] executed "RESTART SERVER"
[01:02:15][Elvir_Thaqi1] executed "STOP SERVER"
[01:51:18][Elvir_Thaqi1] executed "START SERVER"
[01:54:55][Elvir_Thaqi1] logged in via in-game ui
[01:57:56][Elvir_Thaqi1] executed "STOP SERVER"
[01:58:48][Elvir_Thaqi1] executed "START SERVER"
[02:00:36][Elvir_Thaqi1] logged in via in-game ui
[02:11:34][Elvir_Thaqi1] executed "RESTART SERVER"
[02:15:56][Elvir_Thaqi1] logged in via in-game ui
[02:17:55][Elvir_Thaqi1] executed "STOP SERVER"

================================================================
======== txAdmin v6.0.2 atop fxserver 6683 Starting - 11/17/2023, 2:57:22 AM
================================================================
[02:57:36][Elvir_Thaqi1] logged in from 127.0.0.1 via citizenfx
[03:07:18][Elvir_Thaqi1] executed "RESTART SERVER"
[03:07:54][Elvir_Thaqi1] executed "RESTART SERVER"
[03:11:24][Elvir_Thaqi1] logged in via in-game ui
[03:11:56][Elvir_Thaqi1] executed "RESTART SERVER"
[03:14:58][Elvir_Thaqi1] logged in via in-game ui
[03:32:50][Elvir_Thaqi1] executed "RESTART SERVER"
[03:36:16][Elvir_Thaqi1] logged in via in-game ui
[03:43:53][Elvir_Thaqi1] executed "RESTART SERVER"
[03:48:39][Elvir_Thaqi1] logged in via in-game ui
[04:09:44][Elvir_Thaqi1] executed "STOP SERVER"

================================================================
======== txAdmin v6.0.2 atop fxserver 6683 Starting - 11/17/2023, 8:26:22 PM
================================================================

================================================================
======== txAdmin v6.0.2 atop fxserver 6683 Starting - 11/17/2023, 8:27:34 PM
================================================================

================================================================
======== txAdmin v6.0.2 atop fxserver 6683 Starting - 11/17/2023, 8:32:02 PM
================================================================

================================================================
======== txAdmin v6.0.2 atop fxserver 6683 Starting - 11/17/2023, 8:51:49 PM
================================================================
[20:57:50][Elvir_Thaqi1] logged in from 127.0.0.1 via citizenfx
[20:57:52][Elvir_Thaqi1] executed "RESTART SERVER"
[20:59:53][Elvir_Thaqi1] executed "RESTART SERVER"
[21:02:21][Elvir_Thaqi1] logged in via in-game ui
