
================================================================
======== txAdmin v6.0.2 atop fxserver 6683 Starting - 11/23/2023, 1:15:16 AM
================================================================

================================================================
======== Log Rotated - 11/23/2023, 1:15:16 AM                   
================================================================
[01:18:56][Elvir_Thaqi1] logged in via in-game ui

================================================================
======== txAdmin v6.0.2 atop fxserver 6683 Starting - 11/23/2023, 1:44:31 AM
================================================================
[01:49:58][Elvir_Thaqi1] logged in from 127.0.0.1 via citizenfx
[01:50:04][Elvir_Thaqi1] executed "refresh"
[01:50:06][Elvir_Thaqi1] logged in via in-game ui
[01:50:07][Elvir_Thaqi1] logged in via in-game ui
[02:37:23][Elvir_Thaqi1] executed "RESTART SERVER"
[02:40:44][Elvir_Thaqi1] logged in via in-game ui

================================================================
======== txAdmin v6.0.2 atop fxserver 6683 Starting - 11/23/2023, 4:17:48 AM
================================================================
[04:37:11][Elvir_Thaqi1] logged in from 127.0.0.1 via citizenfx
[04:46:48][Elvir_Thaqi1] logged in via in-game ui

================================================================
======== txAdmin v6.0.2 atop fxserver 6683 Starting - 11/23/2023, 4:34:26 PM
================================================================
[16:38:17][Elvir_Thaqi1] logged in via in-game ui

================================================================
======== txAdmin v6.0.2 atop fxserver 6683 Starting - 11/23/2023, 6:29:42 PM
================================================================
[18:34:35][Elvir_Thaqi1] logged in via in-game ui

================================================================
======== txAdmin v6.0.2 atop fxserver 6683 Starting - 11/23/2023, 6:44:03 PM
================================================================
[18:49:19][Elvir_Thaqi1] logged in via in-game ui
[21:19:25][Elvir_Thaqi1] logged in via in-game ui
[21:31:33][MONITOR] Restarting server (server hang detected).
[21:32:31][Elvir_Thaqi1] logged in from 127.0.0.1 via citizenfx

================================================================
======== txAdmin v6.0.2 atop fxserver 6683 Starting - 11/23/2023, 9:40:46 PM
================================================================

================================================================
======== txAdmin v6.0.2 atop fxserver 6683 Starting - 11/23/2023, 9:41:10 PM
================================================================

================================================================
======== txAdmin v6.0.2 atop fxserver 6683 Starting - 11/23/2023, 9:42:03 PM
================================================================
[21:44:01][Elvir_Thaqi1] logged in via in-game ui
[21:51:42][Elvir_Thaqi1] logged in from via NUI iframe
[21:51:47][Elvir_Thaqi1] executed "RESTART SERVER"
[21:54:25][Elvir_Thaqi1] logged in via in-game ui
[22:02:46][Elvir_Thaqi1] logged in from 127.0.0.1 via citizenfx
[22:02:46][Elvir_Thaqi1] logged in via in-game ui
[22:12:11][Elvir_Thaqi1] executed "RESTART SERVER"
[22:16:57][Elvir_Thaqi1] logged in via in-game ui
[22:24:53][Elvir_Thaqi1] logged in via in-game ui
[22:45:09][Elvir_Thaqi1] logged in from via NUI iframe
[22:45:13][Elvir_Thaqi1] executed "RESTART SERVER"
[22:52:39][Elvir_Thaqi1] logged in via in-game ui
[23:06:11][Elvir_Thaqi1] executed "RESTART SERVER"
[23:25:36][Elvir_Thaqi1] logged in via in-game ui
[23:46:06][Elvir_Thaqi1] logged in via in-game ui
[23:57:52][Elvir_Thaqi1] executed "RESTART SERVER"
[00:01:33][Elvir_Thaqi1] logged in via in-game ui
[00:08:05][Elvir_Thaqi1] executed "refresh"
[00:08:10][Elvir_Thaqi1] executed "ensure cfx-Ethnic-weapons"
[00:08:27][Elvir_Thaqi1] executed "Ensure Ethnic-inventory"
[00:08:32][Elvir_Thaqi1] executed "Ensure Ethnic-admin"
[00:08:34][Elvir_Thaqi1] executed "clear"
[00:08:56][Elvir_Thaqi1] logged in via in-game ui
[00:09:32][Elvir_Thaqi1] executed "RESTART SERVER"
[00:14:48][Elvir_Thaqi1] logged in via in-game ui
[00:17:02][Elvir_Thaqi1] executed "RESTART SERVER"
[00:20:14][Elvir_Thaqi1] logged in via in-game ui
[00:23:13][Elvir_Thaqi1] executed "RESTART SERVER"
[00:25:53][Elvir_Thaqi1] logged in via in-game ui
[00:32:25][Elvir_Thaqi1] executed "RESTART SERVER"
[00:36:26][Elvir_Thaqi1] logged in via in-game ui

================================================================
======== txAdmin v6.0.2 atop fxserver 6683 Starting - 11/24/2023, 2:40:19 AM
================================================================
[02:46:07][Elvir_Thaqi1] logged in via in-game ui
[03:21:25][Elvir_Thaqi1] logged in from via NUI iframe
[03:21:29][Elvir_Thaqi1] executed "RESTART SERVER"
[03:25:17][Elvir_Thaqi1] logged in via in-game ui
[03:30:25][MONITOR] Restarting server (server close detected).

================================================================
======== txAdmin v6.0.2 atop fxserver 6683 Starting - 11/24/2023, 3:48:48 AM
================================================================
[03:51:13][Elvir_Thaqi1] logged in via in-game ui
[03:56:25][Elvir_Thaqi1] logged in from via NUI iframe
[03:56:29][Elvir_Thaqi1] executed "RESTART SERVER"
[04:00:45][Elvir_Thaqi1] logged in via in-game ui
[04:05:06][Elvir_Thaqi1] executed "RESTART SERVER"
[04:08:43][Elvir_Thaqi1] logged in via in-game ui
[04:10:05][Elvir_Thaqi1] executed "RESTART SERVER"
[04:15:45][Elvir_Thaqi1] logged in via in-game ui

================================================================
======== txAdmin v6.0.2 atop fxserver 6683 Starting - 11/28/2023, 11:04:18 PM
================================================================
[23:06:13][MONITOR] Restarting server (server close detected).

================================================================
======== txAdmin v6.0.2 atop fxserver 6683 Starting - 11/28/2023, 11:28:55 PM
================================================================
[23:52:17][Elvir_Thaqi1] logged in via in-game ui
[00:32:25][Elvir_Thaqi1] logged in via in-game ui
[00:51:45][Elvir_Thaqi1] logged in via in-game ui
[01:01:33][Elvir_Thaqi1] logged in via in-game ui

================================================================
======== txAdmin v6.0.2 atop fxserver 6683 Starting - 11/29/2023, 5:08:58 PM
================================================================
[17:12:55][Elvir_Thaqi1] logged in via in-game ui
[22:14:17][Elvir_Thaqi1] logged in via in-game ui
