
================================================================
======== txAdmin v6.0.2 atop fxserver 6683 Starting - 12/12/2023, 3:30:23 AM
================================================================

================================================================
======== Log Rotated - 12/12/2023, 3:30:23 AM                   
================================================================
[03:34:25][Elvir_Thaqi1] logged in from 127.0.0.1 via citizenfx
[03:35:03][Elvir_Thaqi1] logged in via in-game ui

================================================================
======== txAdmin v6.0.2 atop fxserver 6683 Starting - 12/14/2023, 4:59:49 AM
================================================================
[05:02:26][Elvir_Thaqi1] logged in via in-game ui
[05:04:57][Elvir_Thaqi1] logged in via in-game ui
[05:21:19][Elvir_Thaqi1] logged in from via NUI iframe
[05:21:23][Elvir_Thaqi1] executed "RESTART SERVER"
[05:24:54][Elvir_Thaqi1] logged in via in-game ui
[05:32:02][Elvir_Thaqi1] executed "RESTART SERVER"
[05:34:21][Elvir_Thaqi1] logged in via in-game ui
[05:37:09][Elvir_Thaqi1] executed "RESTART SERVER"
[05:38:32][Elvir_Thaqi1] logged in from 127.0.0.1 via citizenfx
[05:38:40][Elvir_Thaqi1] executed "RESTART SERVER"
[05:41:04][Elvir_Thaqi1] logged in via in-game ui
[05:42:04][Elvir_Thaqi1] executed "RESTART SERVER"
[05:45:02][Elvir_Thaqi1] logged in via in-game ui
