
================================================================
======== txAdmin v6.0.2 atop fxserver 6683 Starting - 11/18/2023, 1:58:14 AM
================================================================

================================================================
======== Log Rotated - 11/18/2023, 1:58:14 AM                   
================================================================

================================================================
======== txAdmin v6.0.2 atop fxserver 6683 Starting - 11/18/2023, 3:16:32 AM
================================================================
[03:24:57][Elvir_Thaqi1] logged in via in-game ui
[03:28:41][Elvir_Thaqi1] logged in from 127.0.0.1 via citizenfx

================================================================
======== txAdmin v6.0.2 atop fxserver 6683 Starting - 11/18/2023, 3:33:00 AM
================================================================
[03:38:55][Elvir_Thaqi1] logged in via in-game ui
[04:16:44][Elvir_Thaqi1] logged in via in-game ui
[04:43:06][Elvir_Thaqi1] logged in from 127.0.0.1 via citizenfx
[04:43:10][Elvir_Thaqi1] executed "RESTART SERVER"
[04:47:11][Elvir_Thaqi1] logged in via in-game ui
[04:51:41][Elvir_Thaqi1] executed "refresh"
[04:51:46][Elvir_Thaqi1] executed "stop aviator"
[04:51:52][Elvir_Thaqi1] executed "refresh"
[04:52:31][Elvir_Thaqi1] logged in via in-game ui
[05:15:57][Elvir_Thaqi1] executed "refresh"
[05:16:40][Elvir_Thaqi1] logged in via in-game ui
[05:46:26][Elvir_Thaqi1] logged in via in-game ui
[05:55:54][Elvir_Thaqi1] executed "RESTART SERVER"
[05:59:11][Elvir_Thaqi1] logged in via in-game ui
[06:06:37][Elvir_Thaqi1] executed "ensure "cfx-extra-peds""
[06:07:28][Elvir_Thaqi1] executed "RESTART SERVER"
[06:09:39][Elvir_Thaqi1] logged in via in-game ui
[06:20:42][Elvir_Thaqi1] executed "RESTART SERVER"
[06:24:22][Elvir_Thaqi1] logged in via in-game ui
[06:38:05][Elvir_Thaqi1] executed "RESTART SERVER"
[06:41:07][Elvir_Thaqi1] logged in via in-game ui
[06:46:57][Elvir_Thaqi1] executed "STOP SERVER"

================================================================
======== txAdmin v6.0.2 atop fxserver 6683 Starting - 11/18/2023, 11:09:32 PM
================================================================
[23:13:39][Elvir_Thaqi1] logged in from 127.0.0.1 via citizenfx
[23:15:29][Elvir_Thaqi1] logged in via in-game ui
