
================================================================
======== txAdmin v6.0.2 atop fxserver 6683 Starting - 11/23/2023, 1:15:16 AM
================================================================

================================================================
======== Log Rotated - 11/23/2023, 1:15:16 AM                   
================================================================
[01:18:56][Elvir_Thaqi1] logged in via in-game ui

================================================================
======== txAdmin v6.0.2 atop fxserver 6683 Starting - 11/23/2023, 1:44:31 AM
================================================================
[01:49:58][Elvir_Thaqi1] logged in from 127.0.0.1 via citizenfx
[01:50:04][Elvir_Thaqi1] executed "refresh"
[01:50:06][Elvir_Thaqi1] logged in via in-game ui
[01:50:07][Elvir_Thaqi1] logged in via in-game ui
[02:37:23][Elvir_Thaqi1] executed "RESTART SERVER"
[02:40:44][Elvir_Thaqi1] logged in via in-game ui

================================================================
======== txAdmin v6.0.2 atop fxserver 6683 Starting - 11/23/2023, 4:17:48 AM
================================================================
[04:37:11][Elvir_Thaqi1] logged in from 127.0.0.1 via citizenfx
[04:46:48][Elvir_Thaqi1] logged in via in-game ui
