
================================================================
======== txAdmin v6.0.2 atop fxserver 6683 Starting - 12/5/2023, 2:51:10 PM
================================================================

================================================================
======== Log Rotated - 12/5/2023, 2:51:10 PM                    
================================================================
[14:55:36][Elvir_Thaqi1] logged in via in-game ui
[16:45:06][Elvir_Thaqi1] logged in via in-game ui
[18:16:40][Elvir_Thaqi1] logged in from via NUI iframe
[18:16:43][Elvir_Thaqi1] executed "RESTART SERVER"
[18:31:21][Elvir_Thaqi1] logged in via in-game ui
[19:00:26][Elvir_Thaqi1] executed "RESTART SERVER"
[19:02:56][Elvir_Thaqi1] logged in via in-game ui
[19:04:05][Elvir_Thaqi1] logged in from 127.0.0.1 via citizenfx
[19:04:06][Elvir_Thaqi1] logged in via in-game ui
[19:04:08][Elvir_Thaqi1] executed "RESTART SERVER"
[19:06:31][Elvir_Thaqi1] logged in via in-game ui
[19:07:48][Elvir_Thaqi1] logged in from via NUI iframe
[19:07:51][Elvir_Thaqi1] executed "RESTART SERVER"
[19:11:04][Elvir_Thaqi1] logged in via in-game ui
[19:19:25][Elvir_Thaqi1] logged in from via NUI iframe
[19:19:37][Elvir_Thaqi1] executed "RESTART SERVER"
[19:22:24][Elvir_Thaqi1] logged in via in-game ui
[19:25:22][Elvir_Thaqi1] executed "RESTART SERVER"
[19:50:30][Elvir_Thaqi1] logged in via in-game ui
[19:52:18][Elvir_Thaqi1] executed "RESTART SERVER"
[19:55:21][Elvir_Thaqi1] logged in via in-game ui
[19:57:02][Elvir_Thaqi1] executed "RESTART SERVER"
[19:59:35][Elvir_Thaqi1] logged in via in-game ui
[20:01:32][Elvir_Thaqi1] logged in via in-game ui
