
================================================================
======== txAdmin v6.0.2 atop fxserver 6683 Starting - 12/11/2023, 3:40:44 AM
================================================================

================================================================
======== Log Rotated - 12/11/2023, 3:40:45 AM                   
================================================================

================================================================
======== txAdmin v6.0.2 atop fxserver 6683 Starting - 12/11/2023, 3:41:04 AM
================================================================
[03:46:13][Elvir_Thaqi1] logged in via in-game ui
[04:25:27][Elvir_Thaqi1] logged in from via NUI iframe
[04:25:30][Elvir_Thaqi1] executed "RESTART SERVER"
[04:27:14][Elvir_Thaqi1] logged in from 127.0.0.1 via citizenfx
[04:27:52][Elvir_Thaqi1] logged in via in-game ui

================================================================
======== txAdmin v6.0.2 atop fxserver 6683 Starting - 12/11/2023, 4:53:04 PM
================================================================
[16:53:25][Elvir_Thaqi1] logged in from 127.0.0.1 via citizenfx
[16:58:17][Elvir_Thaqi1] logged in via in-game ui
[17:36:43][Elvir_Thaqi1] logged in from via NUI iframe
[17:36:47][Elvir_Thaqi1] executed "RESTART SERVER"
[18:37:07][Elvir_Thaqi1] logged in via in-game ui
[18:43:12][Elvir_Thaqi1] executed "RESTART SERVER"
[18:46:28][Elvir_Thaqi1] logged in via in-game ui
[18:47:57][Elvir_Thaqi1] executed "RESTART SERVER"
[18:51:16][Elvir_Thaqi1] logged in via in-game ui
[18:53:41][Elvir_Thaqi1] executed "RESTART SERVER"
[18:56:03][Elvir_Thaqi1] logged in via in-game ui
[18:58:10][Elvir_Thaqi1] logged in via in-game ui
[19:04:13][Elvir_Thaqi1] executed "RESTART SERVER"
[19:08:39][Elvir_Thaqi1] logged in via in-game ui
[19:18:32][Elvir_Thaqi1] executed "RESTART SERVER"
[19:21:19][Elvir_Thaqi1] logged in via in-game ui

================================================================
======== txAdmin v6.0.2 atop fxserver 6683 Starting - 12/11/2023, 8:52:58 PM
================================================================
[21:15:02][Elvir_Thaqi1] logged in via in-game ui
