
================================================================
======== txAdmin v6.0.2 atop fxserver 6683 Starting - 11/15/2023, 12:25:14 AM
================================================================

================================================================
======== Log Rotated - 11/15/2023, 12:25:14 AM                  
================================================================
[00:26:50][Elvir_Thaqi1] logged in from 127.0.0.1 via citizenfx
[00:28:49][Elvir_Thaqi1] logged in via in-game ui
[02:02:18][Elvir_Thaqi1] executed "RESTART SERVER"
[02:06:17][Elvir_Thaqi1] logged in via in-game ui
[02:37:29][Elvir_Thaqi1] executed "RESTART SERVER"
[02:41:40][Elvir_Thaqi1] logged in via in-game ui

================================================================
======== txAdmin v6.0.2 atop fxserver 6683 Starting - 11/15/2023, 3:35:53 AM
================================================================
[03:36:52][Elvir_Thaqi1] logged in from 127.0.0.1 via citizenfx
[03:41:23][Elvir_Thaqi1] logged in via in-game ui

================================================================
======== txAdmin v6.0.2 atop fxserver 6683 Starting - 11/15/2023, 5:13:14 AM
================================================================
[05:14:08][Elvir_Thaqi1] logged in from 127.0.0.1 via citizenfx

================================================================
======== txAdmin v6.0.2 atop fxserver 6683 Starting - 11/15/2023, 5:21:36 AM
================================================================
[05:21:41][Elvir_Thaqi1] logged in from 127.0.0.1 via citizenfx
[05:27:15][Elvir_Thaqi1] logged in via in-game ui

================================================================
======== txAdmin v6.0.2 atop fxserver 6683 Starting - 11/15/2023, 3:33:02 PM
================================================================
[15:38:26][Elvir_Thaqi1] logged in via in-game ui
[16:22:01][Elvir_Thaqi1] logged in from 127.0.0.1 via citizenfx
[16:22:01][Elvir_Thaqi1] logged in via in-game ui
[16:22:43][Elvir_Thaqi1] executed "ensure "RageUI""
[16:23:12][Elvir_Thaqi1] executed "stop "RageUI""
[16:23:18][Elvir_Thaqi1] executed "refresh"

================================================================
======== txAdmin v6.0.2 atop fxserver 6683 Starting - 11/15/2023, 5:33:42 PM
================================================================

================================================================
======== txAdmin v6.0.2 atop fxserver 6683 Starting - 11/15/2023, 5:34:01 PM
================================================================

================================================================
======== txAdmin v6.0.2 atop fxserver 6683 Starting - 11/15/2023, 8:25:51 PM
================================================================
[20:27:32][Elvir_Thaqi1] logged in from 127.0.0.1 via citizenfx
[20:40:07][Elvir_Thaqi1] logged in via in-game ui
[23:51:38][Elvir_Thaqi1] logged in from via NUI iframe
[23:52:01][Elvir_Thaqi1] Changing menu settings.
[23:52:10][Elvir_Thaqi1] executed "RESTART SERVER"
[23:56:39][Elvir_Thaqi1] logged in via in-game ui
