
================================================================
======== txAdmin v6.0.2 atop fxserver 6683 Starting - 12/2/2023, 2:52:44 PM
================================================================

================================================================
======== Log Rotated - 12/2/2023, 2:52:45 PM                    
================================================================
[15:03:15][Elvir_Thaqi1] logged in from 127.0.0.1 via citizenfx
[15:04:17][Elvir_Thaqi1] Adding admin 'EliSkzzz'.
[15:04:47][Elvir_Thaqi1] Deleting user 'EliSkzzz'.
[15:05:45][Elvir_Thaqi1] logged in via in-game ui
[15:07:52][Elvir_Thaqi1] logged in via in-game ui

================================================================
======== txAdmin v6.0.2 atop fxserver 6683 Starting - 12/2/2023, 8:28:40 PM
================================================================
[20:32:03][Elvir_Thaqi1] logged in via in-game ui

================================================================
======== txAdmin v6.0.2 atop fxserver 6683 Starting - 12/2/2023, 11:58:35 PM
================================================================
[00:04:10][Elvir_Thaqi1] logged in via in-game ui
[00:28:23][Elvir_Thaqi1] logged in via in-game ui
