
================================================================
======== txAdmin v6.0.2 atop fxserver 6683 Starting - 12/6/2023, 12:05:49 AM
================================================================

================================================================
======== Log Rotated - 12/6/2023, 12:05:49 AM                   
================================================================
[00:22:40][Elvir_Thaqi1] logged in via in-game ui

================================================================
======== txAdmin v6.0.2 atop fxserver 6683 Starting - 12/6/2023, 12:56:34 AM
================================================================

================================================================
======== txAdmin v6.0.2 atop fxserver 6683 Starting - 12/6/2023, 12:58:01 AM
================================================================
[01:03:31][Elvir_Thaqi1] logged in via in-game ui
[01:09:09][Elvir_Thaqi1] logged in via in-game ui

================================================================
======== txAdmin v6.0.2 atop fxserver 6683 Starting - 12/9/2023, 1:37:07 PM
================================================================
[14:42:23][Elvir_Thaqi1] logged in via in-game ui

================================================================
======== txAdmin v6.0.2 atop fxserver 6683 Starting - 12/9/2023, 5:06:48 PM
================================================================

================================================================
======== txAdmin v6.0.2 atop fxserver 6683 Starting - 12/9/2023, 5:11:32 PM
================================================================
[17:14:44][Elvir_Thaqi1] logged in via in-game ui
[01:49:04][Elvir_Thaqi1] logged in via in-game ui
[02:31:18][Elvir_Thaqi1] logged in from via NUI iframe
[02:31:23][Elvir_Thaqi1] executed "RESTART SERVER"
[02:35:54][Elvir_Thaqi1] logged in via in-game ui
[04:23:01][Elvir_Thaqi1] logged in from 127.0.0.1 via citizenfx
[04:23:55][Elvir_Thaqi1] executed "RESTART SERVER"
[04:26:57][Elvir_Thaqi1] logged in via in-game ui
[04:30:43][Elvir_Thaqi1] executed "ensure "cfx-Ethnic-clothing-props""
[04:31:14][Elvir_Thaqi1] executed "RESTART SERVER"
[04:33:23][Elvir_Thaqi1] logged in via in-game ui
[05:33:33][Elvir_Thaqi1] executed "RESTART SERVER"
[05:37:42][Elvir_Thaqi1] logged in via in-game ui
[05:40:49][Elvir_Thaqi1] executed "stop "fivem-racing""
[05:58:21][Elvir_Thaqi1] executed "ensure "rahe-racing""
[05:58:30][Elvir_Thaqi1] executed "ensure "rahe-racing""
[05:59:19][Elvir_Thaqi1] executed "RESTART SERVER"
[06:01:38][Elvir_Thaqi1] logged in via in-game ui
[06:02:50][Elvir_Thaqi1] executed "ensure "rahe-racing""
[06:03:38][Elvir_Thaqi1] executed "RESTART SERVER"
[06:09:31][Elvir_Thaqi1] logged in via in-game ui
[06:12:29][Elvir_Thaqi1] logged in via in-game ui
[06:15:07][Elvir_Thaqi1] logged in via in-game ui
[06:33:20][Elvir_Thaqi1] executed "RESTART SERVER"
[06:36:24][Elvir_Thaqi1] logged in via in-game ui

================================================================
======== txAdmin v6.0.2 atop fxserver 6683 Starting - 12/10/2023, 1:57:13 PM
================================================================
[13:59:45][Elvir_Thaqi1] logged in via in-game ui
[14:22:09][Elvir_Thaqi1] logged in from via NUI iframe

================================================================
======== txAdmin v6.0.2 atop fxserver 6683 Starting - 12/10/2023, 2:29:35 PM
================================================================
[14:30:15][Elvir_Thaqi1] logged in from 127.0.0.1 via citizenfx
[14:31:46][Elvir_Thaqi1] logged in via in-game ui
[14:35:08][Elvir_Thaqi1] executed "RESTART SERVER"
[14:37:07][Elvir_Thaqi1] logged in via in-game ui
[14:38:37][Elvir_Thaqi1] executed "RESTART SERVER"
[14:41:14][Elvir_Thaqi1] logged in via in-game ui
[14:42:52][Elvir_Thaqi1] executed "RESTART SERVER"
[14:48:04][Elvir_Thaqi1] logged in via in-game ui
[14:55:43][Elvir_Thaqi1] logged in from via NUI iframe
[14:55:48][Elvir_Thaqi1] executed "RESTART SERVER"
[15:00:27][Elvir_Thaqi1] logged in via in-game ui
[15:03:11][Elvir_Thaqi1] logged in via in-game ui
[15:03:48][Elvir_Thaqi1] executed "RESTART SERVER"
[15:05:55][Elvir_Thaqi1] logged in via in-game ui
[15:10:56][Elvir_Thaqi1] executed "RESTART SERVER"
[15:13:30][Elvir_Thaqi1] logged in via in-game ui
[17:08:52][Elvir_Thaqi1] executed "RESTART SERVER"
[17:12:27][Elvir_Thaqi1] logged in via in-game ui
[17:23:15][Elvir_Thaqi1] executed "RESTART SERVER"
[17:25:21][Elvir_Thaqi1] logged in via in-game ui
[17:38:46][Elvir_Thaqi1] executed "RESTART SERVER"
[17:40:59][Elvir_Thaqi1] logged in via in-game ui
[17:45:07][Elvir_Thaqi1] executed "RESTART SERVER"
[17:45:56][Elvir_Thaqi1] executed "STOP SERVER"
[17:46:24][Elvir_Thaqi1] executed "START SERVER"
[17:48:55][Elvir_Thaqi1] logged in via in-game ui
[18:18:03][Elvir_Thaqi1] executed "ensure "cfx-extracars""
[18:18:14][Elvir_Thaqi1] executed "clear"
[18:18:17][Elvir_Thaqi1] executed "refresh"
[18:18:21][Elvir_Thaqi1] executed "ensure cfx-extracars"
[18:19:15][Elvir_Thaqi1] logged in via in-game ui
[18:51:18][Elvir_Thaqi1] executed "refresh"
[18:51:21][Elvir_Thaqi1] executed "ensure cfx-extracars"
[18:52:22][Elvir_Thaqi1] logged in via in-game ui
[18:55:33][Elvir_Thaqi1] executed "ensure cfx-extracars"
[19:59:45][Elvir_Thaqi1] logged in via in-game ui
