
================================================================
======== Log Rotated - 12/3/2023, 12:00:00 AM                   
================================================================
[resources:cfx-Ethnic] [94mAsset cfx-Ethnic-peds/Mr_kebun^accs_007_u.ydd uses 32.0 MiB of physical memory.
[resources:cfx-Ethnic] Asset cfx-Ethnic-peds/Mr_kebun^berd_010_u.ydd uses 48.0 MiB of physical memory.
[38;5;108m[resources:cfx-Ethnic] Asset cfx-Ethnic-peds/Mr_kebun^berd_012_u.ydd uses 24.0 MiB of physical memory.
[resources:cfx-Ethnic] Asset cfx-Ethnic-peds/Mr_kebun^task_003_u.ydd uses 48.0 MiB of physical memory.
[resources:cfx-Ethnic] Asset cfx-Ethnic-peds/Mr_kebun^uppr_014_u.ydd uses 32.0 MiB of physical memory.
[resources:cfx-Ethnic] Asset cfx-Ethnic-peds/Mr_kebun_p^p_head_001.ydd uses 48.0 MiB of physical memory.
[resources:cfx-Ethnic] Asset cfx-Ethnic-peds/RatBoy.ytd uses 59.5 MiB of physical memory. Oversized assets can and WILL lead to streaming issues (such as models not loading/rendering).
[resources:cfx-Ethnic] Asset cfx-Ethnic-peds/a_f_m_trish.ytd uses 33.8 MiB of physical memory.
[resources:cfx-Ethnic] Asset cfx-Ethnic-peds/a_f_y_brenda.ytd uses 20.1 MiB of physical memory.
[resources:cfx-Ethnic] Asset cfx-Ethnic-peds/a_f_y_brenda_cop.ytd uses 17.2 MiB of physical memory.
[resources:cfx-Ethnic] Asset cfx-Ethnic-peds/a_f_y_ellie.ytd uses 32.1 MiB of physical memory.
[resources:cfx-Ethnic] Asset cfx-Ethnic-peds/a_f_y_windsong.ytd uses 20.5 MiB of physical memory.
[resources:cfx-Ethnic] Asset cfx-Ethnic-peds/a_f_y_zelda.ytd uses 22.0 MiB of physical memory.
[resources:cfx-Ethnic] Asset cfx-Ethnic-peds/a_m_m_bigd.ytd uses 18.0 MiB of physical memory.
[resources:cfx-Ethnic] Asset cfx-Ethnic-peds/a_m_o_bill.ytd uses 22.0 MiB of physical memory.
[resources:cfx-Ethnic] Asset cfx-Ethnic-peds/a_m_y_erf.ytd uses 21.0 MiB of physical memory.
[resources:cfx-Ethnic] Asset cfx-Ethnic-peds/codprice.ytd uses 22.0 MiB of physical memory.
[resources:cfx-Ethnic] [94mAsset cfx-Ethnic-peds/francis_g_francer.ytd uses 28.0 MiB of physical memory.
[resources:cfx-Ethnic] Asset cfx-Ethnic-peds/francis_j_francer.ytd uses 33.5 MiB of physical memory.
[resources:cfx-Ethnic] Asset cfx-Ethnic-peds/francis_small_francer.ytd uses 50.0 MiB of physical memory. Oversized assets can and WILL lead to streaming issues (such as models not loading/rendering).
[resources:cfx-Ethnic] Asset cfx-Ethnic-peds/g_m_m_buddha.ytd uses 38.8 MiB of physical memory.
[resources:cfx-Ethnic] Asset cfx-Ethnic-peds/g_m_y_gary.ytd uses 23.8 MiB of physical memory.
[resources:cfx-Ethnic] Asset cfx-Ethnic-peds/ig_cornwood.ytd uses 17.1 MiB of physical memory.
[resources:cfx-Ethnic] Asset cfx-Ethnic-peds/ig_garrett.ytd uses 30.0 MiB of physical memory.
[resources:cfx-Ethnic] Asset cfx-Ethnic-peds/ig_heli_p^p_lwrist_000.ydd uses 17.0 MiB of physical memory.
[resources:cfx-Ethnic] Asset cfx-Ethnic-peds/ig_martybanks^task_diff_006_a_uni.ytd uses 32.0 MiB of physical memory.
[resources:cfx-Ethnic] Asset cfx-Ethnic-peds/ig_nottics.ytd uses 18.0 MiB of physical memory.
[38;5;108m[resources:cfx-Ethnic] Asset cfx-Ethnic-peds/ig_old_cop.ytd uses 20.9 MiB of physical memory.
[resources:cfx-Ethnic] Asset cfx-Ethnic-peds/ig_peanut.ytd uses 29.2 MiB of physical memory.
[resources:cfx-Ethnic] Asset cfx-Ethnic-peds/ig_petunia.ytd uses 32.2 MiB of physical memory.
[resources:cfx-Ethnic] Asset cfx-Ethnic-peds/ig_ratchet.ytd uses 19.6 MiB of physical memory.
[resources:cfx-Ethnic] Asset cfx-Ethnic-peds/ig_tinkerman^decl_001_u.ydd uses 32.0 MiB of physical memory.
[resources:cfx-Ethnic] Asset cfx-Ethnic-peds/ig_trafficwarden_m.ytd uses 16.2 MiB of physical memory.
[resources:cfx-Ethnic] Asset cfx-Ethnic-peds/igor.ydd uses 23.2 MiB of virtual memory.
[resources:cfx-Ethnic] [0mAsset cfx-Ethnic-peds/igor.ytd uses 26.5 MiB of physical memory.
[resources:cfx-Ethnic] Asset cfx-Ethnic-peds/jason^accs_003_u.ydd uses 32.0 MiB of physical memory.
[resources:cfx-Ethnic] Asset cfx-Ethnic-peds/jason^berd_diff_003_a_uni.ytd uses 32.0 MiB of physical memory.[0m
[resources:cfx-Ethnic] Asset cfx-Ethnic-peds/jason^feet_002_u.ydd uses 32.0 MiB of physical memory.
[resources:cfx-Ethnic] Asset cfx-Ethnic-peds/jason^lowr_003_u.ydd uses 32.0 MiB of physical memory.
[resources:cfx-Ethnic] Asset cfx-Ethnic-peds/jason^lowr_004_u.ydd uses 32.0 MiB of physical memory.
[resources:cfx-Ethnic] Asset cfx-Ethnic-peds/jason^uppr_000_u.ydd uses 32.0 MiB of physical memory.
[resources:cfx-Ethnic] Asset cfx-Ethnic-peds/jason^uppr_002_u.ydd uses 32.0 MiB of physical memory.
[resources:cfx-Ethnic] Asset cfx-Ethnic-peds/jason^uppr_003_r.ydd uses 32.0 MiB of physical memory.
[resources:cfx-Ethnic] Asset cfx-Ethnic-peds/jason^uppr_004_u.ydd uses 32.0 MiB of physical memory.
[resources:cfx-Ethnic] Asset cfx-Ethnic-peds/k_fatrandy.ytd uses 21.0 MiB of physical memory.
[resources:cfx-Ethnic] Asset cfx-Ethnic-peds/mando.ytd uses 48.0 MiB of physical memory.
[resources:cfx-Ethnic] Asset cfx-Ethnic-peds/randy^feet_010_u.ydd uses 40.0 MiB of physical memory.
[resources:cfx-Ethnic] Asset cfx-Ethnic-peds/randy^jbib_diff_016_a_uni.ytd uses 32.0 MiB of physical memory.
[resources:cfx-Ethnic] Asset cfx-Ethnic-peds/randy^jbib_diff_016_d_uni.ytd uses 32.0 MiB of physical memory.
[resources:cfx-Ethnic] Asset cfx-Ethnic-peds/randy^jbib_diff_016_e_uni.ytd uses 32.0 MiB of physical memory.
[resources:cfx-Ethnic] Asset cfx-Ethnic-peds/randy^jbib_diff_016_f_uni.ytd uses 32.0 MiB of physical memory.
[resources:cfx-Ethnic] Asset cfx-Ethnic-peds/randy^jbib_diff_016_g_uni.ytd uses 32.0 MiB of physical memory.
[resources:cfx-Ethnic] Asset cfx-Ethnic-peds/randy^jbib_diff_016_h_uni.ytd uses 32.0 MiB of physical memory.
[resources:cfx-Ethnic] Asset cfx-Ethnic-peds/randy^jbib_diff_016_i_uni.ytd uses 32.0 MiB of physical memory.
[resources:cfx-Ethnic] Asset cfx-Ethnic-peds/randy^jbib_diff_016_j_uni.ytd uses 32.0 MiB of physical memory.
[resources:cfx-Ethnic] Asset cfx-Ethnic-peds/s_m_y_happy.ytd uses 17.8 MiB of physical memory.
[resources:cfx-Ethnic] Asset cfx-Ethnic-peds/shaggy.ytd uses 20.0 MiB of physical memory.
[resources:cfx-Ethnic] Asset cfx-Ethnic-peds/silverhand.ytd uses 27.0 MiB of physical memory.
[resources:cfx-Ethnic] Asset cfx-Ethnic-peds/u_m_y_paparazzi_02.ytd uses 26.5 MiB of physical memory.
[resources:cfx-Ethnic] Asset cfx-Ethnic-peds/yd_lifein.ytd uses 27.5 MiB of physical memory.
[resources:cfx-Ethnic] Asset cfx-Ethnic-peds/z_sprinkle.ytd uses 19.2 MiB of physical memory.
[           resources] Started resource cfx-Ethnic-peds (61 warnings)
[resources:cfx-Ethnic] Asset cfx-Ethnic-clothing/mp_f_freemode_01_np^accs_027_u.ydd uses 34.0 MiB of physical memory.
[resources:cfx-Ethnic] Asset cfx-Ethnic-clothing/mp_f_freemode_01_np^jbib_032_u.ydd uses 34.0 MiB of physical memory.
[resources:cfx-Ethnic] Asset cfx-Ethnic-clothing/mp_f_freemode_01_np^jbib_033_u.ydd uses 34.0 MiB of physical memory.
[resources:cfx-Ethnic] Asset cfx-Ethnic-clothing/mp_f_freemode_01_np^jbib_035_u.ydd uses 34.0 MiB of physical memory.
[resources:cfx-Ethnic] Asset cfx-Ethnic-clothing/mp_f_freemode_01_np^jbib_038_u.ydd uses 34.0 MiB of physical memory.
[resources:cfx-Ethnic] Asset cfx-Ethnic-clothing/mp_f_freemode_01_np^lowr_022_u.ydd uses 34.0 MiB of physical memory.
[resources:cfx-Ethnic] Asset cfx-Ethnic-clothing/mp_m_freemode_01^task_diff_009_a_uni.ytd uses 64.0 MiB of physical memory. Oversized assets can and WILL lead to streaming issues (such as models not loading/rendering).
[resources:cfx-Ethnic] Asset cfx-Ethnic-clothing/mp_m_freemode_01_np^hair_diff_002_a_uni.ytd uses 32.0 MiB of physical memory.
[resources:cfx-Ethnic] Asset cfx-Ethnic-clothing/mp_m_freemode_01_np^hair_diff_004_a_uni.ytd uses 32.0 MiB of physical memory.
[resources:cfx-Ethnic] Asset cfx-Ethnic-clothing/mp_m_freemode_01_np^jbib_029_u.ydd uses 32.0 MiB of physical memory.
[           resources] Started resource cfx-Ethnic-clothing (10 warnings)
[resources:cfx-Ethnic] Asset cfx-Ethnic-streaming/core.ypt uses 33.4 MiB of physical memory.
[resources:cfx-Ethnic] Asset cfx-Ethnic-streaming/core.ypt uses 21.5 MiB of virtual memory.
[resources:cfx-Ethnic] Asset cfx-Ethnic-streaming/default_minimap_0_0.ytd uses 32.0 MiB of physical memory.
[resources:cfx-Ethnic] Asset cfx-Ethnic-streaming/default_minimap_0_1.ytd uses 32.0 MiB of physical memory.
[resources:cfx-Ethnic] Asset cfx-Ethnic-streaming/default_minimap_1_0.ytd uses 32.0 MiB of physical memory.
[resources:cfx-Ethnic] Asset cfx-Ethnic-streaming/default_minimap_1_1.ytd uses 32.0 MiB of physical memory.
[resources:cfx-Ethnic] Asset cfx-Ethnic-streaming/default_minimap_2_0.ytd uses 32.0 MiB of physical memory.
[resources:cfx-Ethnic] Asset cfx-Ethnic-streaming/default_minimap_2_1.ytd uses 32.0 MiB of physical memory.
[resources:cfx-Ethnic] Asset cfx-Ethnic-streaming/default_minimap_sea_0_0.ytd uses 32.0 MiB of physical memory.
[38;5;37m[resources:cfx-Ethnic] Asset cfx-Ethnic-streaming/default_minimap_sea_0_1.ytd uses 32.0 MiB of physical memory.
[resources:cfx-Ethnic] Asset cfx-Ethnic-streaming/default_minimap_sea_1_0.ytd uses 32.0 MiB of physical memory.
[resources:cfx-Ethnic] Asset cfx-Ethnic-streaming/default_minimap_sea_1_1.ytd uses 32.0 MiB of physical memory.
[resources:cfx-Ethnic] Asset cfx-Ethnic-streaming/default_minimap_sea_2_0.ytd uses 32.0 MiB of physical memory.
[resources:cfx-Ethnic] Asset cfx-Ethnic-streaming/default_minimap_sea_2_1.ytd uses 32.0 MiB of physical memory.
[resources:cfx-Ethnic] Asset cfx-Ethnic-streaming/globalroads.ytd uses 18.1 MiB of physical memory.
[resources:cfx-Ethnic] Asset cfx-Ethnic-streaming/sp_01_station.ytd uses 20.0 MiB of physical memory.
[           resources] Started resource cfx-Ethnic-streaming (16 warnings)
[resources:cfx-Ethnic] Asset cfx-Ethnic-weapons/m6ic.ytd uses 45.0 MiB of physical memory.
[resources:cfx-Ethnic] Asset cfx-Ethnic-weapons/mp5sd_fm.ytd uses 24.0 MiB of physical memory.
[resources:cfx-Ethnic] Asset cfx-Ethnic-weapons/w_am_staff.ytd uses 33.0 MiB of physical memory.
[resources:cfx-Ethnic] Asset cfx-Ethnic-weapons/w_ar_m70.ytd uses 18.0 MiB of physical memory.
[resources:cfx-Ethnic] Asset cfx-Ethnic-weapons/w_pi_paintball_mag1.ytd uses 24.0 MiB of physical memory.
[resources:cfx-Ethnic] Asset cfx-Ethnic-weapons/w_sb_mac10.ytd uses 17.5 MiB of physical memory.
[resources:cfx-Ethnic] Asset cfx-Ethnic-weapons/w_sg_izh81.ytd uses 32.0 MiB of physical memory.
[resources:cfx-Ethnic] Asset cfx-Ethnic-weapons/w_sg_ltl+hi.ytd uses 40.0 MiB of physical memory.
[resources:cfx-Ethnic] Asset cfx-Ethnic-weapons/w_sg_ltl.ytd uses 40.0 MiB of physical memory.[0m
[resources:cfx-Ethnic] Asset cfx-Ethnic-weapons/w_sg_rubberslug+hi.ytd uses 40.0 MiB of physical memory.
[resources:cfx-Ethnic] Asset cfx-Ethnic-weapons/w_sg_rubberslug.ytd uses 40.0 MiB of physical memory.
[           resources] Started resource cfx-Ethnic-weapons (11 warnings)
[           resources] Started resource cfx-Ethnic-weapons-melee
[resources:cfx-Ethnic] Asset cfx-Ethnic-weapons-old/w_ar_assaultrifle2+hi.ytd uses 18.0 MiB of physical memory.
[resources:cfx-Ethnic] Asset cfx-Ethnic-weapons-old/w_ar_assaultrifle2.ytd uses 18.0 MiB of physical memory.
[38;5;141m[resources:cfx-Ethnic] Asset cfx-Ethnic-weapons-old/w_pi_heavypistol+hi.ytd uses 26.0 MiB of physical memory.
[resources:cfx-Ethnic] Asset cfx-Ethnic-weapons-old/w_pi_heavypistol.ytd uses 26.0 MiB of physical memory.
[resources:cfx-Ethnic] Asset cfx-Ethnic-weapons-old/w_pi_heavypistol_luxe+hi.ytd uses 26.0 MiB of physical memory.[0m
[resources:cfx-Ethnic] Asset cfx-Ethnic-weapons-old/w_pi_heavypistol_luxe.ytd uses 26.0 MiB of physical memory.
[resources:cfx-Ethnic] Asset cfx-Ethnic-weapons-old/w_sb_microsmg3.ytd uses 17.5 MiB of physical memory.
[resources:cfx-Ethnic] Asset cfx-Ethnic-weapons-old/w_sb_uzi.ytd uses 17.0 MiB of physical memory.
[           resources] [0mStarted resource cfx-Ethnic-weapons-old (8 warnings)
[           resources] Started resource cfx-Ethnic-weapons-thrown
[           resources] Started resource cfx-Ethnic-weaponmetas
[resources:cfx-extra-] Asset cfx-extra-peds/delta.ytd uses 136.0 MiB of physical memory. Oversized assets can and WILL lead to streaming issues (such as models not loading/rendering).
[           resources] Started resource cfx-extra-peds (1 warning)
[resources:cfx-extrac] Asset cfx-extracars/18mh5.ytd uses 68.0 MiB of physical memory. Oversized assets can and WILL lead to streaming issues (such as models not loading/rendering).
[resources:cfx-extrac] Asset cfx-extracars/22530i.ytd uses 126.0 MiB of physical memory. Oversized assets can and WILL lead to streaming issues (such as models not loading/rendering).
[resources:cfx-extrac] Asset cfx-extracars/745le.yft uses 23.5 MiB of virtual memory.
[resources:cfx-extrac] Asset cfx-extracars/745le.ytd uses 50.0 MiB of physical memory. Oversized assets can and WILL lead to streaming issues (such as models not loading/rendering).
[resources:cfx-extrac] Asset cfx-extracars/745le_hi.yft uses 23.5 MiB of virtual memory.
[resources:cfx-extrac] Asset cfx-extracars/ToraCullinanWB.yft uses 16.2 MiB of virtual memory.
[resources:cfx-extrac] Asset cfx-extracars/ToraCullinanWB.ytd uses 31.0 MiB of physical memory.
[resources:cfx-extrac] Asset cfx-extracars/ToraCullinanWB_hi.yft uses 16.2 MiB of virtual memory.
[resources:cfx-extrac] Asset cfx-extracars/a82020.yft uses 20.0 MiB of virtual memory.
[resources:cfx-extrac] Asset cfx-extracars/a82020.ytd uses 56.0 MiB of physical memory. Oversized assets can and WILL lead to streaming issues (such as models not loading/rendering).
[resources:cfx-extrac] Asset cfx-extracars/a82020_hi.yft uses 20.0 MiB of virtual memory.
[resources:cfx-extrac] Asset cfx-extracars/abfrover.yft uses 31.6 MiB of virtual memory.
[resources:cfx-extrac] Asset cfx-extracars/abfrover.ytd uses 52.6 MiB of physical memory. Oversized assets can and WILL lead to streaming issues (such as models not loading/rendering).
[resources:cfx-extrac] Asset cfx-extracars/abfrover_hi.yft uses 31.6 MiB of virtual memory.
[resources:cfx-extrac] Asset cfx-extracars/amggtr20.yft uses 18.5 MiB of virtual memory.
[resources:cfx-extrac] Asset cfx-extracars/amggtr20.ytd uses 64.5 MiB of physical memory. Oversized assets can and WILL lead to streaming issues (such as models not loading/rendering).
[resources:cfx-extrac] Asset cfx-extracars/amggtr20_arch_1a.yft uses 19.0 MiB of virtual memory.
[resources:cfx-extrac] Asset cfx-extracars/amggtr20_arch_1d.yft uses 21.5 MiB of virtual memory.
[resources:cfx-extrac] Asset cfx-extracars/amggtr20_hi.yft uses 18.5 MiB of virtual memory.
[38;5;74m[resources:cfx-extrac] Asset cfx-extracars/bmgolfr.yft uses 29.1 MiB of virtual memory.
[resources:cfx-extrac] Asset cfx-extracars/bmgolfr.ytd uses 74.0 MiB of physical memory. Oversized assets can and WILL lead to streaming issues (such as models not loading/rendering).
[resources:cfx-extrac] Asset cfx-extracars/bmgolfr_hi.yft uses 29.1 MiB of virtual memory.
[resources:cfx-extrac] Asset cfx-extracars/bus.yft uses 32.1 MiB of virtual memory.
[resources:cfx-extrac] Asset cfx-extracars/bus.ytd uses 160.0 MiB of physical memory. Oversized assets can and WILL lead to streaming issues (such as models not loading/rendering).
[resources:cfx-extrac] Asset cfx-extracars/bus_hi.yft uses 18.1 MiB of virtual memory.
[resources:cfx-extrac] Asset cfx-extracars/caddy20.yft uses 22.1 MiB of virtual memory.
[resources:cfx-extrac] Asset cfx-extracars/caddy20_hi.yft uses 22.1 MiB of virtual memory.
[38;5;74m[resources:cfx-extrac] Asset cfx-extracars/e60.yft uses 18.8 MiB of virtual memory.
[resources:cfx-extrac] Asset cfx-extracars/e60.ytd uses 208.0 MiB of physical memory. Oversized assets can and WILL lead to streaming issues (such as models not loading/rendering).
[resources:cfx-extrac] Asset cfx-extracars/gle53.yft uses 22.0 MiB of virtual memory.
[resources:cfx-extrac] Asset cfx-extracars/gle53.ytd uses 23.9 MiB of physical memory.
[resources:cfx-extrac] Asset cfx-extracars/gle53_hi.yft uses 22.0 MiB of virtual memory.
[resources:cfx-extrac] Asset cfx-extracars/jes.yft uses 17.5 MiB of virtual memory.
[resources:cfx-extrac] Asset cfx-extracars/jes.ytd uses 84.0 MiB of physical memory. Oversized assets can and WILL lead to streaming issues (such as models not loading/rendering).[0m
[resources:cfx-extrac] Asset cfx-extracars/jes_hi.yft uses 17.5 MiB of virtual memory.
[resources:cfx-extrac] Asset cfx-extracars/mercml63.ytd uses 80.0 MiB of physical memory. Oversized assets can and WILL lead to streaming issues (such as models not loading/rendering).
[resources:cfx-extrac] [0mAsset cfx-extracars/mteche39.ytd uses 19.5 MiB of physical memory.
[resources:cfx-extrac] Asset cfx-extracars/overfinchsvr.yft uses 29.9 MiB of virtual memory.
[resources:cfx-extrac] Asset cfx-extracars/overfinchsvr.ytd uses 102.0 MiB of physical memory. Oversized assets can and WILL lead to streaming issues (such as models not loading/rendering).
[resources:cfx-extrac] Asset cfx-extracars/overfinchsvr_arch_1b.yft uses 16.8 MiB of virtual memory.
[resources:cfx-extrac] Asset cfx-extracars/overfinchsvr_arch_1c.yft uses 23.2 MiB of virtual memory.
[resources:cfx-extrac] Asset cfx-extracars/overfinchsvr_hi.yft uses 29.9 MiB of virtual memory.
[resources:cfx-extrac] Asset cfx-extracars/rev.yft uses 16.4 MiB of virtual memory.
[resources:cfx-extrac] Asset cfx-extracars/rev.ytd uses 86.0 MiB of physical memory. Oversized assets can and WILL lead to streaming issues (such as models not loading/rendering).
[resources:cfx-extrac] Asset cfx-extracars/rev_hi.yft uses 16.4 MiB of virtual memory.
[resources:cfx-extrac] Asset cfx-extracars/teslamodels.yft uses 26.8 MiB of virtual memory.
[resources:cfx-extrac] Asset cfx-extracars/teslamodels.ytd uses 34.0 MiB of physical memory.
[resources:cfx-extrac] Asset cfx-extracars/veyronbb.ytd uses 74.0 MiB of physical memory. Oversized assets can and WILL lead to streaming issues (such as models not loading/rendering).
[resources:cfx-extrac] Asset cfx-extracars/w115200d.ytd uses 19.0 MiB of physical memory.
[resources:cfx-extrac] Asset cfx-extracars/xd60.yft uses 31.6 MiB of virtual memory.
[resources:cfx-extrac] Asset cfx-extracars/xd60.ytd uses 96.0 MiB of physical memory. Oversized assets can and WILL lead to streaming issues (such as models not loading/rendering).
[resources:cfx-extrac] Asset cfx-extracars/xd60_hi.yft uses 17.9 MiB of virtual memory.
[resources:cfx-extrac] Asset cfx-extracars/xdtrailer.yft uses 27.8 MiB of virtual memory.
[resources:cfx-extrac] Asset cfx-extracars/xdtrailer.ytd uses 64.0 MiB of physical memory. Oversized assets can and WILL lead to streaming issues (such as models not loading/rendering).
[resources:cfx-extrac] Asset cfx-extracars/xk21octaviavrs.yft uses 28.2 MiB of virtual memory.
[resources:cfx-extrac] Asset cfx-extracars/xk21octaviavrs_hi.yft uses 28.2 MiB of virtual memory.
[           resources] Started resource cfx-extracars (56 warnings)
[38;5;171m[                 cmd] Argument count mismatch (passed 1, wanted 2)
[  script:Ethnic-base] [0m[MODULES] Module [Commands] was created..
[  script:Ethnic-base] [MODULES] Module [Database] was created..
[  script:Ethnic-base] [MODULES] Module [Events] was created..
[  script:Ethnic-base] [MODULES] Module [Functions] was created..
[  script:Ethnic-base] [MODULES] Module [Player] was created..
[  script:Ethnic-base] [MODULES] Module [Callback] was created..
[      script:oxmysql] [11.3.0-MariaDB] Database server connection established!
[ citizen-server-impl]         fff                          
[ citizen-server-impl]   cccc ff   xx  xx     rr rr    eee  
[ citizen-server-impl] cc     ffff   xx       rrr  r ee   e 
[ citizen-server-impl] cc     ff     xx   ... rr     eeeee  
[ citizen-server-impl]  ccccc ff   xx  xx ... rr      eeeee 
[ citizen-server-impl]                                      
[ citizen-server-impl] Authenticated with cfx.re Nucleus: https://elvir-thaqi1-94akkb.users.cfx.re/
[ script:Ethnic-admin] Warning: Missing phrase for key: "TeleportToMarker"
[      script:oxmysql] An update is available for oxmysql (current version: 2.7.5)
[      script:oxmysql] https://github.com/overextended/oxmysql/releases/tag/v2.7.6
[      script:hardcap] Connecting: EliSkzzz
[ citizen-server-impl] Server list query returned an error: System.Threading.Tasks.TaskCanceledException: A task was canceled. <- System.TimeoutException: A task was canceled. <- System.Threading.Tasks.TaskCanceledException: The request was canceled due to the configured HttpClient.Timeout of 30 seconds elapsing.
[  script:Ethnic-base] [MODULES] [Events] already exists, checking if override is allowed..
[  script:Ethnic-base] [MODULES] Module [Events] was created..
[  script:Ethnic-base] [DEBUG:SetupPlayerData]: Setting up existing playerdata
[  script:Ethnic-base] [DEBUG:SetupPlayerData]: PLAYER DATA LOADED
[  script:Ethnic-base] [DEBUG:Save]: SAVING PLAYER
[  script:Ethnic-base] [32m[Ethnic-base:LOG] [Player] EliSkzzz's (5122) data updated in database.
[  script:Ethnic-base] [DEBUG:Routing]: Setting Routing Bucket for (1) to: 	nil
[  script:Ethnic-base] [DEBUG:Routing]: Successfully set routing bucket for 1 to:	90
[  script:Ethnic-base] [DEBUG:Routing]: Setting Routing Bucket for (1) to: 	0
[  script:Ethnic-base] [DEBUG:Routing]: Successfully set routing bucket for 1 to:	0
[38;5;215m[  script:Ethnic-chat] EliSkzzz	tx
[ citizen-server-impl] Server list query returned an error: System.Threading.Tasks.TaskCanceledException: A task was canceled. <- System.TimeoutException: A task was canceled. <- System.Threading.Tasks.TaskCanceledException: The request was canceled due to the configured HttpClient.Timeout of 30 seconds elapsing.
[  script:Ethnic-chat] EliSkzzz	fix
[  script:Ethnic-base] [DEBUG:Save]: SAVING PLAYER
[  script:Ethnic-base] [Ethnic-base:LOG] [Player] EliSkzzz's (5122) data updated in database.
[ citizen-server-impl] Server list query returned an error: System.Threading.Tasks.TaskCanceledException: A task was canceled. <- System.TimeoutException: A task was canceled. <- System.Threading.Tasks.TaskCanceledException: The request was canceled due to the configured HttpClient.Timeout of 30 seconds elapsing.
[ citizen-server-impl] Server list query returned an error: System.Threading.Tasks.TaskCanceledException: A task was canceled. <- System.TimeoutException: A task was canceled. <- System.Threading.Tasks.TaskCanceledException: The request was canceled due to the configured HttpClient.Timeout of 30 seconds elapsing.
[ citizen-server-impl] Server list query returned an error: System.Threading.Tasks.TaskCanceledException: A task was canceled. <- System.TimeoutException: A task was canceled. <- System.Threading.Tasks.TaskCanceledException: The request was canceled due to the configured HttpClient.Timeout of 30 seconds elapsing.
[ citizen-server-impl] [91mServer list query returned an error: System.Threading.Tasks.TaskCanceledException: A task was canceled. <- System.TimeoutException: A task was canceled. <- System.Threading.Tasks.TaskCanceledException: The request was canceled due to the configured HttpClient.Timeout of 30 seconds elapsing.
[ citizen-server-impl] Server list query returned an error: System.Threading.Tasks.TaskCanceledException: A task was canceled. <- System.TimeoutException: A task was canceled. <- System.Threading.Tasks.TaskCanceledException: The request was canceled due to the configured HttpClient.Timeout of 30 seconds elapsing.
[ citizen-server-impl] Server list query returned an error: System.Threading.Tasks.TaskCanceledException: A task was canceled. <- System.TimeoutException: A task was canceled. <- System.Threading.Tasks.TaskCanceledException: The request was canceled due to the configured HttpClient.Timeout of 30 seconds elapsing.
[ citizen-server-impl] sync thread hitch warning: timer interval of 102 milliseconds
[      script:hardcap] Connecting: EliSkzzz
[ citizen-server-impl] Server list query returned an error: System.Threading.Tasks.TaskCanceledException: A task was canceled. <- System.TimeoutException: A task was canceled. <- System.Threading.Tasks.TaskCanceledException: The request was canceled due to the configured HttpClient.Timeout of 30 seconds elapsing.
[      script:hardcap] Connecting: EliSkzzz
[      script:hardcap] Connecting: EliSkzzz
[ citizen-server-impl] Server list query returned an error: System.Threading.Tasks.TaskCanceledException: A task was canceled. <- System.TimeoutException: A task was canceled. <- System.Threading.Tasks.TaskCanceledException: The request was canceled due to the configured HttpClient.Timeout of 30 seconds elapsing.
[  script:Ethnic-base] [MODULES] [Events] already exists, checking if override is allowed..
[  script:Ethnic-base] [MODULES] Module [Events] was created..
[  script:Ethnic-base] [DEBUG:SetupPlayerData]: Setting up existing playerdata
[  script:Ethnic-base] [DEBUG:SetupPlayerData]: PLAYER DATA LOADED
[  script:Ethnic-base] [DEBUG:Save]: SAVING PLAYER
[  script:Ethnic-base] [Ethnic-base:LOG] [35m[Player] EliSkzzz's (6390) data updated in database.
[  script:Ethnic-base] [DEBUG:Routing]: Setting Routing Bucket for (2) to: 	0
[  script:Ethnic-base] [DEBUG:Routing]: Successfully set routing bucket for 2 to:	0
[  script:Ethnic-chat] [97mEliSkzzz	revive
[  script:Ethnic-chat] EliSkzzz	tx
[script:Ethnic-bennys] Ready	false
[ citizen-server-impl] Server list query returned an error: System.Threading.Tasks.TaskCanceledException: A task was canceled. <- System.TimeoutException: A task was canceled. <- System.Threading.Tasks.TaskCanceledException: The request was canceled due to the configured HttpClient.Timeout of 30 seconds elapsing.
[  script:Ethnic-chat] EliSkzzz	dv
[  script:Ethnic-chat] EliSkzzz	car 22530i
[  script:Ethnic-chat] EliSkzzz	dv
[  script:Ethnic-base] [DEBUG:Save]: SAVING PLAYER
[  script:Ethnic-base] [Ethnic-base:LOG] [Player] EliSkzzz's (6390) data updated in database.
