
================================================================
======== txAdmin Starting - 11/30/2023, 6:41:55 PM              
================================================================

================================================================
======== Log Rotated - 11/30/2023, 6:41:56 PM                   
================================================================
[6:44:46 PM] txAdmin: Logger started
[6:45:04 PM] [MLUP3#1] EliSkzzz: joined with identifiers [steam:1100001584761a5; license:6534666eeab13bcaef982219612f5a68ddd455de; xbl:2535464651082284; live:1899947382947272; discord:473273865423028226; fivem:10893259; license2:6534666eeab13bcaef982219612f5a68ddd455de]
[9:11:31 PM] [MLUP3#1] EliSkzzz: disconnected ([txAdmin] Server restarting (requested by Elvir_Thaqi1).)
[9:11:52 PM] txAdmin: Logger started
[9:12:41 PM] [3ypYN#1] EliSkzzz: joined with identifiers [steam:1100001584761a5; license:6534666eeab13bcaef982219612f5a68ddd455de; xbl:2535464651082284; live:1899947382947272; discord:473273865423028226; fivem:10893259; license2:6534666eeab13bcaef982219612f5a68ddd455de]
[9:15:05 PM] [3ypYN#1] EliSkzzz: disconnected ([txAdmin] Server restarting (requested by Elvir_Thaqi1).)
[9:16:30 PM] txAdmin: Logger started
[9:16:54 PM] [nBW7j#1] EliSkzzz: joined with identifiers [steam:1100001584761a5; license:6534666eeab13bcaef982219612f5a68ddd455de; xbl:2535464651082284; live:1899947382947272; discord:473273865423028226; fivem:10893259; license2:6534666eeab13bcaef982219612f5a68ddd455de]
[9:18:23 PM] [nBW7j#1] EliSkzzz: disconnected (Game crashed: Couldn't find asset key for encrypted resource cfx-Ethnic-vehicles: this server is either running an outdated FXServer version, or you're using the replay editor, which is currently unsupported.)
[9:20:13 PM] [nBW7j#2] EliSkzzz: joined with identifiers [steam:1100001584761a5; license:6534666eeab13bcaef982219612f5a68ddd455de; xbl:2535464651082284; live:1899947382947272; discord:473273865423028226; fivem:10893259; license2:6534666eeab13bcaef982219612f5a68ddd455de]
[9:26:06 PM] [nBW7j#2] EliSkzzz: disconnected (Exiting)

================================================================
======== txAdmin Starting - 11/30/2023, 10:41:56 PM             
================================================================
[10:44:42 PM] txAdmin: Logger started
[10:45:30 PM] [3PyTH#1] EliSkzzz: joined with identifiers [steam:1100001584761a5; license:6534666eeab13bcaef982219612f5a68ddd455de; xbl:2535464651082284; live:1899947382947272; discord:473273865423028226; fivem:10893259; license2:6534666eeab13bcaef982219612f5a68ddd455de]
[10:47:44 PM] [3PyTH#1] EliSkzzz: enabled noclip
[10:47:45 PM] [3PyTH#1] EliSkzzz: became mortal (standard mode)
[10:48:02 PM] [3PyTH#1] EliSkzzz: disconnected (Exiting)

================================================================
======== txAdmin Starting - 11/30/2023, 10:48:33 PM             
================================================================
[10:50:15 PM] txAdmin: Logger started
[10:50:39 PM] [MwA9t#1] EliSkzzz: joined with identifiers [steam:1100001584761a5; license:6534666eeab13bcaef982219612f5a68ddd455de; xbl:2535464651082284; live:1899947382947272; discord:473273865423028226; fivem:10893259; license2:6534666eeab13bcaef982219612f5a68ddd455de]
[10:51:23 PM] [MwA9t#1] EliSkzzz: disconnected (Exiting)
