
================================================================
======== Log Rotated - 12/10/2023, 12:00:00 AM                  
================================================================
[1:48:36 AM] [yfAiT#2] EliSkzzz: joined with identifiers [steam:1100001584761a5; license:6534666eeab13bcaef982219612f5a68ddd455de; xbl:2535464651082284; live:1899947382947272; discord:473273865423028226; fivem:10893259; license2:6534666eeab13bcaef982219612f5a68ddd455de]
[2:31:23 AM] [yfAiT#2] EliSkzzz: disconnected ([txAdmin] Server restarting (requested by Elvir_Thaqi1).)
[2:32:30 AM] txAdmin: Logger started
[2:35:28 AM] [WmzfR#1] EliSkzzz: joined with identifiers [steam:1100001584761a5; license:6534666eeab13bcaef982219612f5a68ddd455de; xbl:2535464651082284; live:1899947382947272; discord:473273865423028226; fivem:10893259; license2:6534666eeab13bcaef982219612f5a68ddd455de]
[4:06:48 AM] [WmzfR#1] EliSkzzz: disconnected (Game crashed: GTA5_b2944.exe!sub_1416606F0 (0x43))
[4:17:05 AM] [WmzfR#2] EliSkzzz: joined with identifiers [steam:1100001584761a5; license:6534666eeab13bcaef982219612f5a68ddd455de; xbl:2535464651082284; live:1899947382947272; discord:473273865423028226; fivem:10893259; license2:6534666eeab13bcaef982219612f5a68ddd455de]
[4:20:02 AM] [WmzfR#2] EliSkzzz: disconnected (Exiting)
[4:20:41 AM] [WmzfR#3] EliSkzzz: joined with identifiers [steam:1100001584761a5; license:6534666eeab13bcaef982219612f5a68ddd455de; xbl:2535464651082284; live:1899947382947272; discord:473273865423028226; fivem:10893259; license2:6534666eeab13bcaef982219612f5a68ddd455de]
[4:23:08 AM] [WmzfR#3] EliSkzzz: disconnected (Exiting)
[4:24:49 AM] txAdmin: Logger started
[4:26:32 AM] [kWfEC#1] EliSkzzz: joined with identifiers [steam:1100001584761a5; license:6534666eeab13bcaef982219612f5a68ddd455de; xbl:2535464651082284; live:1899947382947272; discord:473273865423028226; fivem:10893259; license2:6534666eeab13bcaef982219612f5a68ddd455de]
[4:31:14 AM] [kWfEC#1] EliSkzzz: disconnected ([txAdmin] Server restarting (requested by Elvir_Thaqi1).)
[4:32:30 AM] txAdmin: Logger started
[4:32:49 AM] [pzq4g#1] EliSkzzz: joined with identifiers [steam:1100001584761a5; license:6534666eeab13bcaef982219612f5a68ddd455de; xbl:2535464651082284; live:1899947382947272; discord:473273865423028226; fivem:10893259; license2:6534666eeab13bcaef982219612f5a68ddd455de]
[5:33:07 AM] [pzq4g#1] EliSkzzz: disconnected (Game crashed: An exception occurred (c0000005 at 0x7ff6f00e9ebb) during removing of resources:/cfx-Ethnic-weapons/metas/[GLOCK19]/weapons.meta in data file mounter 0x141b20678. The game will be terminated.)
[5:35:03 AM] txAdmin: Logger started
[5:37:07 AM] [ygRHR#1] EliSkzzz: joined with identifiers [steam:1100001584761a5; license:6534666eeab13bcaef982219612f5a68ddd455de; xbl:2535464651082284; live:1899947382947272; discord:473273865423028226; fivem:10893259; license2:6534666eeab13bcaef982219612f5a68ddd455de]
[5:38:57 AM] [ygRHR#1] EliSkzzz: enabled noclip
[5:39:06 AM] [ygRHR#1] EliSkzzz: became mortal (standard mode)
[5:40:17 AM] [ygRHR#1] EliSkzzz: enabled noclip
[5:40:18 AM] [ygRHR#1] EliSkzzz: became mortal (standard mode)
[5:40:29 AM] [ygRHR#1] EliSkzzz: enabled noclip
[5:40:31 AM] [ygRHR#1] EliSkzzz: became mortal (standard mode)
[5:59:19 AM] [ygRHR#1] EliSkzzz: disconnected ([txAdmin] Server restarting (requested by Elvir_Thaqi1).)
[6:00:47 AM] txAdmin: Logger started
[6:01:05 AM] [dtkNi#1] EliSkzzz: joined with identifiers [steam:1100001584761a5; license:6534666eeab13bcaef982219612f5a68ddd455de; xbl:2535464651082284; live:1899947382947272; discord:473273865423028226; fivem:10893259; license2:6534666eeab13bcaef982219612f5a68ddd455de]
[6:03:05 AM] [dtkNi#1] EliSkzzz: disconnected (Exiting)
[6:04:44 AM] txAdmin: Logger started
[6:08:58 AM] [WzV3C#1] EliSkzzz: joined with identifiers [steam:1100001584761a5; license:6534666eeab13bcaef982219612f5a68ddd455de; xbl:2535464651082284; live:1899947382947272; discord:473273865423028226; fivem:10893259; license2:6534666eeab13bcaef982219612f5a68ddd455de]
[6:11:11 AM] [WzV3C#1] EliSkzzz: enabled noclip
[6:11:12 AM] [WzV3C#1] EliSkzzz: became mortal (standard mode)
[6:11:20 AM] [WzV3C#1] EliSkzzz: disconnected (Game crashed: Invalid fixup, address is neither virtual nor physical (in hsmansorymc20.yft))
[6:11:55 AM] [WzV3C#2] EliSkzzz: joined with identifiers [steam:1100001584761a5; license:6534666eeab13bcaef982219612f5a68ddd455de; xbl:2535464651082284; live:1899947382947272; discord:473273865423028226; fivem:10893259; license2:6534666eeab13bcaef982219612f5a68ddd455de]
[6:13:44 AM] [WzV3C#2] EliSkzzz: disconnected (Server->client connection timed out. Last seen 35336 msec ago.)
[6:14:35 AM] [WzV3C#3] EliSkzzz: joined with identifiers [steam:1100001584761a5; license:6534666eeab13bcaef982219612f5a68ddd455de; xbl:2535464651082284; live:1899947382947272; discord:473273865423028226; fivem:10893259; license2:6534666eeab13bcaef982219612f5a68ddd455de]
[6:28:10 AM] [WzV3C#3] EliSkzzz: enabled noclip
[6:28:23 AM] [WzV3C#3] EliSkzzz: became mortal (standard mode)
[6:28:51 AM] [WzV3C#3] EliSkzzz: enabled noclip
[6:29:28 AM] [WzV3C#3] EliSkzzz: became mortal (standard mode)
[6:33:20 AM] [WzV3C#3] EliSkzzz: disconnected ([txAdmin] Server restarting (requested by Elvir_Thaqi1).)
[6:34:36 AM] txAdmin: Logger started
[6:35:53 AM] [P7pVW#1] EliSkzzz: joined with identifiers [steam:1100001584761a5; license:6534666eeab13bcaef982219612f5a68ddd455de; xbl:2535464651082284; live:1899947382947272; discord:473273865423028226; fivem:10893259; license2:6534666eeab13bcaef982219612f5a68ddd455de]
[6:43:08 AM] [P7pVW#1] EliSkzzz: enabled noclip
[6:43:14 AM] [P7pVW#1] EliSkzzz: became mortal (standard mode)

================================================================
======== txAdmin Starting - 12/10/2023, 1:57:13 PM              
================================================================
[1:58:12 PM] txAdmin: Logger started
[1:59:11 PM] [Ai4RD#1] EliSkzzz: joined with identifiers [steam:1100001584761a5; license:6534666eeab13bcaef982219612f5a68ddd455de; xbl:2535464651082284; live:1899947382947272; discord:473273865423028226; fivem:10893259; license2:6534666eeab13bcaef982219612f5a68ddd455de]

================================================================
======== txAdmin Starting - 12/10/2023, 2:29:35 PM              
================================================================
[2:30:32 PM] txAdmin: Logger started
[2:31:08 PM] [889HN#1] EliSkzzz: joined with identifiers [steam:1100001584761a5; license:6534666eeab13bcaef982219612f5a68ddd455de; xbl:2535464651082284; live:1899947382947272; discord:473273865423028226; fivem:10893259; license2:6534666eeab13bcaef982219612f5a68ddd455de]
[2:32:20 PM] [889HN#1] EliSkzzz: enabled noclip
[2:32:32 PM] [889HN#1] EliSkzzz: became mortal (standard mode)
[2:35:08 PM] [889HN#1] EliSkzzz: disconnected ([txAdmin] Server restarting (requested by Elvir_Thaqi1).)
[2:36:21 PM] txAdmin: Logger started
[2:36:37 PM] [kgRiA#1] EliSkzzz: joined with identifiers [steam:1100001584761a5; license:6534666eeab13bcaef982219612f5a68ddd455de; xbl:2535464651082284; live:1899947382947272; discord:473273865423028226; fivem:10893259; license2:6534666eeab13bcaef982219612f5a68ddd455de]
[2:38:37 PM] [kgRiA#1] EliSkzzz: disconnected ([txAdmin] Server restarting (requested by Elvir_Thaqi1).)
[2:39:47 PM] txAdmin: Logger started
[2:40:43 PM] [a9YJy#1] EliSkzzz: joined with identifiers [steam:1100001584761a5; license:6534666eeab13bcaef982219612f5a68ddd455de; xbl:2535464651082284; live:1899947382947272; discord:473273865423028226; fivem:10893259; license2:6534666eeab13bcaef982219612f5a68ddd455de]
[2:41:42 PM] [a9YJy#1] EliSkzzz: enabled noclip
[2:42:46 PM] [a9YJy#1] EliSkzzz: became mortal (standard mode)
[2:42:52 PM] [a9YJy#1] EliSkzzz: disconnected ([txAdmin] Server restarting (requested by Elvir_Thaqi1).)
[2:44:17 PM] txAdmin: Logger started
[2:47:32 PM] [gTaUX#1] EliSkzzz: joined with identifiers [steam:1100001584761a5; license:6534666eeab13bcaef982219612f5a68ddd455de; xbl:2535464651082284; live:1899947382947272; discord:473273865423028226; fivem:10893259; license2:6534666eeab13bcaef982219612f5a68ddd455de]
[2:55:48 PM] [gTaUX#1] EliSkzzz: disconnected ([txAdmin] Server restarting (requested by Elvir_Thaqi1).)
[2:57:04 PM] txAdmin: Logger started
[2:59:55 PM] [Eg8NR#1] EliSkzzz: joined with identifiers [steam:1100001584761a5; license:6534666eeab13bcaef982219612f5a68ddd455de; xbl:2535464651082284; live:1899947382947272; discord:473273865423028226; fivem:10893259; license2:6534666eeab13bcaef982219612f5a68ddd455de]
[3:01:58 PM] [Eg8NR#1] EliSkzzz: disconnected (Exiting)
[3:02:39 PM] [Eg8NR#2] EliSkzzz: joined with identifiers [steam:1100001584761a5; license:6534666eeab13bcaef982219612f5a68ddd455de; xbl:2535464651082284; live:1899947382947272; discord:473273865423028226; fivem:10893259; license2:6534666eeab13bcaef982219612f5a68ddd455de]
[3:03:48 PM] [Eg8NR#2] EliSkzzz: disconnected ([txAdmin] Server restarting (requested by Elvir_Thaqi1).)
[3:05:03 PM] txAdmin: Logger started
[3:05:25 PM] [Ag4Rh#1] EliSkzzz: joined with identifiers [steam:1100001584761a5; license:6534666eeab13bcaef982219612f5a68ddd455de; xbl:2535464651082284; live:1899947382947272; discord:473273865423028226; fivem:10893259; license2:6534666eeab13bcaef982219612f5a68ddd455de]
[3:10:56 PM] [Ag4Rh#1] EliSkzzz: disconnected ([txAdmin] Server restarting (requested by Elvir_Thaqi1).)
[3:12:07 PM] txAdmin: Logger started
[3:12:56 PM] [83cdg#1] EliSkzzz: joined with identifiers [steam:1100001584761a5; license:6534666eeab13bcaef982219612f5a68ddd455de; xbl:2535464651082284; live:1899947382947272; discord:473273865423028226; fivem:10893259; license2:6534666eeab13bcaef982219612f5a68ddd455de]
[3:25:58 PM] [83cdg#1] EliSkzzz: enabled noclip
[3:26:01 PM] [83cdg#1] EliSkzzz: became mortal (standard mode)
[3:28:25 PM] [83cdg#1] EliSkzzz: teleported to coordinates (x=569.250, y=2796.690, z=41.350)
[3:29:12 PM] [83cdg#1] EliSkzzz: enabled noclip
[3:30:41 PM] [83cdg#1] EliSkzzz: became mortal (standard mode)
[3:32:10 PM] [83cdg#1] EliSkzzz: enabled noclip
[3:32:19 PM] [83cdg#1] EliSkzzz: became mortal (standard mode)
[3:32:26 PM] [83cdg#1] EliSkzzz: enabled noclip
[3:33:16 PM] [83cdg#1] EliSkzzz: became mortal (standard mode)
[3:35:00 PM] [83cdg#1] EliSkzzz: teleported to coordinates (x=-584.460, y=4749.620, z=212.640)
[4:53:36 PM] [83cdg#1] EliSkzzz: disconnected (Exiting)
[5:10:00 PM] txAdmin: Logger started
[5:11:53 PM] [MALNC#1] EliSkzzz: joined with identifiers [steam:1100001584761a5; license:6534666eeab13bcaef982219612f5a68ddd455de; xbl:2535464651082284; live:1899947382947272; discord:473273865423028226; fivem:10893259; license2:6534666eeab13bcaef982219612f5a68ddd455de]
[5:23:15 PM] [MALNC#1] EliSkzzz: disconnected ([txAdmin] Server restarting (requested by Elvir_Thaqi1).)
[5:24:31 PM] txAdmin: Logger started
[5:24:51 PM] [UMr7W#1] EliSkzzz: joined with identifiers [steam:1100001584761a5; license:6534666eeab13bcaef982219612f5a68ddd455de; xbl:2535464651082284; live:1899947382947272; discord:473273865423028226; fivem:10893259; license2:6534666eeab13bcaef982219612f5a68ddd455de]
[5:38:46 PM] [UMr7W#1] EliSkzzz: disconnected ([txAdmin] Server restarting (requested by Elvir_Thaqi1).)
[5:39:58 PM] txAdmin: Logger started
[5:40:28 PM] [fbE6T#1] EliSkzzz: joined with identifiers [steam:1100001584761a5; license:6534666eeab13bcaef982219612f5a68ddd455de; xbl:2535464651082284; live:1899947382947272; discord:473273865423028226; fivem:10893259; license2:6534666eeab13bcaef982219612f5a68ddd455de]
[5:45:07 PM] [fbE6T#1] EliSkzzz: disconnected ([txAdmin] Server restarting (requested by Elvir_Thaqi1).)
[5:47:30 PM] txAdmin: Logger started
[5:48:21 PM] [9jfRx#1] EliSkzzz: joined with identifiers [steam:1100001584761a5; license:6534666eeab13bcaef982219612f5a68ddd455de; xbl:2535464651082284; live:1899947382947272; discord:473273865423028226; fivem:10893259; license2:6534666eeab13bcaef982219612f5a68ddd455de]
[5:52:57 PM] [9jfRx#1] EliSkzzz: enabled noclip
[5:53:19 PM] [9jfRx#1] EliSkzzz: became mortal (standard mode)
[6:13:52 PM] [9jfRx#1] EliSkzzz: disconnected (Couldn't load resource cfx-extracars: Couldn't load resource cfx-extracars from resources:/cfx-extra)
[6:18:41 PM] [9jfRx#2] EliSkzzz: joined with identifiers [steam:1100001584761a5; license:6534666eeab13bcaef982219612f5a68ddd455de; xbl:2535464651082284; live:1899947382947272; discord:473273865423028226; fivem:10893259; license2:6534666eeab13bcaef982219612f5a68ddd455de]
[6:46:07 PM] [9jfRx#2] EliSkzzz: disconnected (Game crashed: An exception occurred (c0000005 at 0x7ff6467200ad) during loading of resources:/cfx-extracars/audioconfig/lg62chironpursport_game.dat in data file mounter 0x141a13a18. The game will be terminated.)
[6:47:01 PM] [9jfRx#3] EliSkzzz: joined with identifiers [steam:1100001584761a5; license:6534666eeab13bcaef982219612f5a68ddd455de; xbl:2535464651082284; live:1899947382947272; discord:473273865423028226; fivem:10893259; license2:6534666eeab13bcaef982219612f5a68ddd455de]
[6:47:32 PM] [9jfRx#3] EliSkzzz: disconnected (Game crashed: An exception occurred (c0000005 at 0x7ff6467200ad) during loading of resources:/cfx-extracars/audioconfig/lg62chironpursport_game.dat in data file mounter 0x141a13a18. The game will be terminated.)
[6:51:50 PM] [9jfRx#4] EliSkzzz: joined with identifiers [steam:1100001584761a5; license:6534666eeab13bcaef982219612f5a68ddd455de; xbl:2535464651082284; live:1899947382947272; discord:473273865423028226; fivem:10893259; license2:6534666eeab13bcaef982219612f5a68ddd455de]
[7:58:14 PM] [9jfRx#4] EliSkzzz: enabled noclip
[7:58:28 PM] [9jfRx#4] EliSkzzz: disconnected (Game crashed: GTA5_b2944.exe!sub_140929C84 (0x33))
[7:59:11 PM] [9jfRx#5] EliSkzzz: joined with identifiers [steam:1100001584761a5; license:6534666eeab13bcaef982219612f5a68ddd455de; xbl:2535464651082284; live:1899947382947272; discord:473273865423028226; fivem:10893259; license2:6534666eeab13bcaef982219612f5a68ddd455de]
[8:00:06 PM] [9jfRx#5] EliSkzzz: enabled noclip
[8:00:44 PM] [9jfRx#5] EliSkzzz: became mortal (standard mode)
[8:00:50 PM] [9jfRx#5] EliSkzzz: enabled noclip
[8:00:56 PM] [9jfRx#5] EliSkzzz: became mortal (standard mode)
[8:05:23 PM] [9jfRx#5] EliSkzzz: enabled noclip
[8:05:23 PM] [9jfRx#5] EliSkzzz: became mortal (standard mode)
[8:05:25 PM] [9jfRx#5] EliSkzzz: enabled noclip
[8:05:29 PM] [9jfRx#5] EliSkzzz: became mortal (standard mode)
[8:12:28 PM] [9jfRx#5] EliSkzzz: enabled noclip
[8:12:34 PM] [9jfRx#5] EliSkzzz: became mortal (standard mode)
[8:16:53 PM] [9jfRx#5] EliSkzzz: enabled noclip
[8:16:58 PM] [9jfRx#5] EliSkzzz: became mortal (standard mode)
[8:37:23 PM] [9jfRx#5] EliSkzzz: enabled noclip
[8:37:24 PM] [9jfRx#5] EliSkzzz: became mortal (standard mode)
[8:47:41 PM] [9jfRx#5] EliSkzzz: enabled noclip
[8:47:41 PM] [9jfRx#5] EliSkzzz: became mortal (standard mode)
[8:52:36 PM] [9jfRx#5] EliSkzzz: disconnected (Exiting)
