
================================================================
======== Log Rotated - 11/24/2023, 12:00:00 AM                  
================================================================
[12:01:05 AM] [wrKYi#1] EliSkzzz: joined with identifiers [steam:1100001584761a5; license:6534666eeab13bcaef982219612f5a68ddd455de; xbl:2535464651082284; live:1899947382947272; discord:473273865423028226; fivem:10893259; license2:6534666eeab13bcaef982219612f5a68ddd455de]
[12:07:27 AM] [wrKYi#1] EliSkzzz: disconnected (Game crashed: Couldn't find asset key for encrypted resource cfx-Ethnic-weapons: this server is either running an outdated FXServer version, or you're using the replay editor, which is currently unsupported.)
[12:08:31 AM] [wrKYi#2] EliSkzzz: joined with identifiers [steam:1100001584761a5; license:6534666eeab13bcaef982219612f5a68ddd455de; xbl:2535464651082284; live:1899947382947272; discord:473273865423028226; fivem:10893259; license2:6534666eeab13bcaef982219612f5a68ddd455de]
[12:09:32 AM] [wrKYi#2] EliSkzzz: disconnected ([txAdmin] Server restarting (requested by Elvir_Thaqi1).)
[12:11:25 AM] txAdmin: Logger started
[12:14:22 AM] [mc6mi#1] EliSkzzz: joined with identifiers [steam:1100001584761a5; license:6534666eeab13bcaef982219612f5a68ddd455de; xbl:2535464651082284; live:1899947382947272; discord:473273865423028226; fivem:10893259; license2:6534666eeab13bcaef982219612f5a68ddd455de]
[12:17:02 AM] [mc6mi#1] EliSkzzz: disconnected ([txAdmin] Server restarting (requested by Elvir_Thaqi1).)
[12:18:23 AM] txAdmin: Logger started
[12:19:48 AM] [88eHG#1] EliSkzzz: joined with identifiers [steam:1100001584761a5; license:6534666eeab13bcaef982219612f5a68ddd455de; xbl:2535464651082284; live:1899947382947272; discord:473273865423028226; fivem:10893259; license2:6534666eeab13bcaef982219612f5a68ddd455de]
[12:23:13 AM] [88eHG#1] EliSkzzz: disconnected ([txAdmin] Server restarting (requested by Elvir_Thaqi1).)
[12:25:00 AM] txAdmin: Logger started
[12:25:30 AM] [tgDNU#1] EliSkzzz: joined with identifiers [steam:1100001584761a5; license:6534666eeab13bcaef982219612f5a68ddd455de; xbl:2535464651082284; live:1899947382947272; discord:473273865423028226; fivem:10893259; license2:6534666eeab13bcaef982219612f5a68ddd455de]
[12:27:47 AM] [tgDNU#1] EliSkzzz: teleported to a waypoint
[12:27:55 AM] [tgDNU#1] EliSkzzz: enabled noclip
[12:27:57 AM] [tgDNU#1] EliSkzzz: became mortal (standard mode)
[12:32:25 AM] [tgDNU#1] EliSkzzz: disconnected ([txAdmin] Server restarting (requested by Elvir_Thaqi1).)
[12:34:18 AM] txAdmin: Logger started
[12:35:59 AM] [EPHwP#1] EliSkzzz: joined with identifiers [steam:1100001584761a5; license:6534666eeab13bcaef982219612f5a68ddd455de; xbl:2535464651082284; live:1899947382947272; discord:473273865423028226; fivem:10893259; license2:6534666eeab13bcaef982219612f5a68ddd455de]
[1:09:24 AM] [EPHwP#1] EliSkzzz: disconnected (Exiting)

================================================================
======== txAdmin Starting - 11/24/2023, 2:40:19 AM              
================================================================
[2:42:07 AM] txAdmin: Logger started
[2:45:33 AM] [6XnkA#1] EliSkzzz: joined with identifiers [steam:1100001584761a5; license:6534666eeab13bcaef982219612f5a68ddd455de; xbl:2535464651082284; live:1899947382947272; discord:473273865423028226; fivem:10893259; license2:6534666eeab13bcaef982219612f5a68ddd455de]
[3:21:29 AM] [6XnkA#1] EliSkzzz: disconnected ([txAdmin] Server restarting (requested by Elvir_Thaqi1).)
[3:22:52 AM] txAdmin: Logger started
[3:24:42 AM] [LabGP#1] EliSkzzz: joined with identifiers [steam:1100001584761a5; license:6534666eeab13bcaef982219612f5a68ddd455de; xbl:2535464651082284; live:1899947382947272; discord:473273865423028226; fivem:10893259; license2:6534666eeab13bcaef982219612f5a68ddd455de]
[3:30:09 AM] [LabGP#1] EliSkzzz: disconnected (Exiting)
[3:32:13 AM] txAdmin: Logger started

================================================================
======== txAdmin Starting - 11/24/2023, 3:48:48 AM              
================================================================
[3:49:06 AM] txAdmin: Logger started
[3:50:42 AM] [RykWU#1] EliSkzzz: joined with identifiers [steam:1100001584761a5; license:6534666eeab13bcaef982219612f5a68ddd455de; xbl:2535464651082284; live:1899947382947272; discord:473273865423028226; fivem:10893259; license2:6534666eeab13bcaef982219612f5a68ddd455de]
[3:56:29 AM] [RykWU#1] EliSkzzz: disconnected ([txAdmin] Server restarting (requested by Elvir_Thaqi1).)
[3:58:39 AM] txAdmin: Logger started
[4:00:13 AM] [ymENm#1] EliSkzzz: joined with identifiers [steam:1100001584761a5; license:6534666eeab13bcaef982219612f5a68ddd455de; xbl:2535464651082284; live:1899947382947272; discord:473273865423028226; fivem:10893259; license2:6534666eeab13bcaef982219612f5a68ddd455de]
[4:05:06 AM] [ymENm#1] EliSkzzz: disconnected ([txAdmin] Server restarting (requested by Elvir_Thaqi1).)
[4:07:02 AM] txAdmin: Logger started
[4:08:14 AM] [mYYVY#1] EliSkzzz: joined with identifiers [steam:1100001584761a5; license:6534666eeab13bcaef982219612f5a68ddd455de; xbl:2535464651082284; live:1899947382947272; discord:473273865423028226; fivem:10893259; license2:6534666eeab13bcaef982219612f5a68ddd455de]
[4:10:05 AM] [mYYVY#1] EliSkzzz: disconnected ([txAdmin] Server restarting (requested by Elvir_Thaqi1).)
[4:11:56 AM] txAdmin: Logger started
[4:15:15 AM] [NrBtC#1] EliSkzzz: joined with identifiers [steam:1100001584761a5; license:6534666eeab13bcaef982219612f5a68ddd455de; xbl:2535464651082284; live:1899947382947272; discord:473273865423028226; fivem:10893259; license2:6534666eeab13bcaef982219612f5a68ddd455de]
