
================================================================
======== txAdmin Starting - 12/17/2023, 5:40:14 PM              
================================================================

================================================================
======== Log Rotated - 12/17/2023, 5:40:14 PM                   
================================================================
[5:41:35 PM] txAdmin: Logger started
[5:43:40 PM] [TE7GD#1] ケイ・ケイ: joined with identifiers [steam:1100001584761a5; license:6534666eeab13bcaef982219612f5a68ddd455de; xbl:2535464651082284; live:1899947382947272; discord:473273865423028226; fivem:10893259; license2:6534666eeab13bcaef982219612f5a68ddd455de]
[7:04:44 PM] [TE7GD#1] ケイ・ケイ: disconnected (Exiting)
[8:20:39 PM] [TE7GD#2] ケイ・ケイ: joined with identifiers [steam:1100001584761a5; license:6534666eeab13bcaef982219612f5a68ddd455de; xbl:2535464651082284; live:1899947382947272; discord:473273865423028226; fivem:10893259; license2:6534666eeab13bcaef982219612f5a68ddd455de]
[8:24:59 PM] [TE7GD#2] ケイ・ケイ: enabled noclip
[8:25:06 PM] [TE7GD#2] ケイ・ケイ: became mortal (standard mode)
[8:33:55 PM] [TE7GD#2] ケイ・ケイ: disconnected (Game crashed: GTA5_b2944.exe!sub_140641390 (0x108))
[8:41:26 PM] [TE7GD#3] ケイ・ケイ: joined with identifiers [steam:1100001584761a5; license:6534666eeab13bcaef982219612f5a68ddd455de; xbl:2535464651082284; live:1899947382947272; discord:473273865423028226; fivem:10893259; license2:6534666eeab13bcaef982219612f5a68ddd455de]
[8:42:35 PM] [TE7GD#3] ケイ・ケイ: enabled noclip
[8:42:44 PM] [TE7GD#3] ケイ・ケイ: became mortal (standard mode)
[9:30:04 PM] [TE7GD#3] ケイ・ケイ: disconnected ([txAdmin] Server restarting (requested by Elvir_Thaqi1).)
[9:34:55 PM] txAdmin: Logger started
[9:35:23 PM] [8dW3p#1] ケイ・ケイ: joined with identifiers [steam:1100001584761a5; license:6534666eeab13bcaef982219612f5a68ddd455de; xbl:2535464651082284; live:1899947382947272; discord:473273865423028226; fivem:10893259; license2:6534666eeab13bcaef982219612f5a68ddd455de]
[9:36:30 PM] [8dW3p#1] ケイ・ケイ: enabled noclip
[9:36:38 PM] [8dW3p#1] ケイ・ケイ: became mortal (standard mode)
[9:40:05 PM] [8dW3p#1] ケイ・ケイ: disconnected (Game crashed: GTA5_b2944.exe!sub_140641390 (0x108))
[9:41:03 PM] [8dW3p#2] ケイ・ケイ: joined with identifiers [steam:1100001584761a5; license:6534666eeab13bcaef982219612f5a68ddd455de; xbl:2535464651082284; live:1899947382947272; discord:473273865423028226; fivem:10893259; license2:6534666eeab13bcaef982219612f5a68ddd455de]
[9:42:02 PM] [8dW3p#2] ケイ・ケイ: enabled noclip
[9:42:05 PM] [8dW3p#2] ケイ・ケイ: became mortal (standard mode)

================================================================
======== txAdmin Starting - 12/17/2023, 9:50:39 PM              
================================================================
[9:51:22 PM] txAdmin: Logger started
[10:02:56 PM] [itgcH#1] ケイ・ケイ: joined with identifiers [steam:1100001584761a5; license:6534666eeab13bcaef982219612f5a68ddd455de; xbl:2535464651082284; live:1899947382947272; discord:473273865423028226; fivem:10893259; license2:6534666eeab13bcaef982219612f5a68ddd455de]
[10:25:21 PM] [itgcH#1] ケイ・ケイ: enabled noclip
[10:25:28 PM] [itgcH#1] ケイ・ケイ: became mortal (standard mode)
[11:32:55 PM] [itgcH#1] ケイ・ケイ: disconnected (Exiting)
