
================================================================
======== txAdmin Starting - 11/23/2023, 1:15:16 AM              
================================================================

================================================================
======== Log Rotated - 11/23/2023, 1:15:16 AM                   
================================================================
[1:17:25 AM] txAdmin: Logger started
[1:18:14 AM] [QLTb6#1] EliSkzzz: joined with identifiers [steam:1100001584761a5; license:6534666eeab13bcaef982219612f5a68ddd455de; xbl:2535464651082284; live:1899947382947272; discord:473273865423028226; fivem:10893259; license2:6534666eeab13bcaef982219612f5a68ddd455de]
[1:33:50 AM] [QLTb6#1] EliSkzzz: disconnected (Exiting)

================================================================
======== txAdmin Starting - 11/23/2023, 1:44:31 AM              
================================================================
[1:46:32 AM] txAdmin: Logger started
[1:49:35 AM] [wdMj9#1] EliSkzzz: joined with identifiers [steam:1100001584761a5; license:6534666eeab13bcaef982219612f5a68ddd455de; xbl:2535464651082284; live:1899947382947272; discord:473273865423028226; fivem:10893259; license2:6534666eeab13bcaef982219612f5a68ddd455de]
[2:37:23 AM] [wdMj9#1] EliSkzzz: disconnected ([txAdmin] Server restarting (requested by Elvir_Thaqi1).)
[2:39:39 AM] txAdmin: Logger started
[2:40:03 AM] [yHUzh#1] EliSkzzz: joined with identifiers [steam:1100001584761a5; license:6534666eeab13bcaef982219612f5a68ddd455de; xbl:2535464651082284; live:1899947382947272; discord:473273865423028226; fivem:10893259; license2:6534666eeab13bcaef982219612f5a68ddd455de]
[3:18:55 AM] [yHUzh#1] EliSkzzz: disconnected (Exiting)

================================================================
======== txAdmin Starting - 11/23/2023, 4:17:48 AM              
================================================================
[4:19:52 AM] txAdmin: Logger started
[4:45:41 AM] [K3XjP#1] EliSkzzz: joined with identifiers [steam:1100001584761a5; license:6534666eeab13bcaef982219612f5a68ddd455de; xbl:2535464651082284; live:1899947382947272; discord:473273865423028226; fivem:10893259; license2:6534666eeab13bcaef982219612f5a68ddd455de]
[4:48:56 AM] [K3XjP#1] EliSkzzz: enabled noclip
[4:48:56 AM] [K3XjP#1] EliSkzzz: became mortal (standard mode)
[4:51:35 AM] [K3XjP#1] EliSkzzz: enabled noclip
[4:51:36 AM] [K3XjP#1] EliSkzzz: became mortal (standard mode)
[4:51:57 AM] [K3XjP#1] EliSkzzz: enabled noclip
[4:51:58 AM] [K3XjP#1] EliSkzzz: became mortal (standard mode)
[5:04:51 AM] [K3XjP#1] EliSkzzz: disconnected (Game crashed: GTA5_b2944.exe!CEntity::SetModelIndex (0x120))

================================================================
======== txAdmin Starting - 11/23/2023, 4:34:26 PM              
================================================================
[4:36:38 PM] txAdmin: Logger started
[4:37:11 PM] [hJYwM#1] EliSkzzz: joined with identifiers [steam:1100001584761a5; license:6534666eeab13bcaef982219612f5a68ddd455de; xbl:2535464651082284; live:1899947382947272; discord:473273865423028226; fivem:10893259; license2:6534666eeab13bcaef982219612f5a68ddd455de]
[4:53:27 PM] [hJYwM#1] EliSkzzz: disconnected (Exiting)

================================================================
======== txAdmin Starting - 11/23/2023, 6:29:42 PM              
================================================================
[6:32:30 PM] txAdmin: Logger started
[6:34:04 PM] [AUW73#1] EliSkzzz: joined with identifiers [steam:1100001584761a5; license:6534666eeab13bcaef982219612f5a68ddd455de; xbl:2535464651082284; live:1899947382947272; discord:473273865423028226; fivem:10893259; license2:6534666eeab13bcaef982219612f5a68ddd455de]

================================================================
======== txAdmin Starting - 11/23/2023, 6:44:03 PM              
================================================================
[6:46:16 PM] txAdmin: Logger started
[6:48:48 PM] [TNyXj#1] EliSkzzz: joined with identifiers [steam:1100001584761a5; license:6534666eeab13bcaef982219612f5a68ddd455de; xbl:2535464651082284; live:1899947382947272; discord:473273865423028226; fivem:10893259; license2:6534666eeab13bcaef982219612f5a68ddd455de]
[8:26:12 PM] [TNyXj#1] EliSkzzz: enabled noclip
[8:26:21 PM] [TNyXj#1] EliSkzzz: became mortal (standard mode)
[8:27:38 PM] [TNyXj#1] EliSkzzz: enabled noclip
[8:27:55 PM] [TNyXj#1] EliSkzzz: became mortal (standard mode)
[8:28:44 PM] [TNyXj#1] EliSkzzz: enabled noclip
[8:28:47 PM] [TNyXj#1] EliSkzzz: became mortal (standard mode)
[9:17:50 PM] [TNyXj#1] EliSkzzz: disconnected (Game crashed: GTA5_b2944.exe!sub_1406E79D8 (0x20))
[9:18:58 PM] [TNyXj#2] EliSkzzz: joined with identifiers [steam:1100001584761a5; license:6534666eeab13bcaef982219612f5a68ddd455de; xbl:2535464651082284; live:1899947382947272; discord:473273865423028226; fivem:10893259; license2:6534666eeab13bcaef982219612f5a68ddd455de]
[9:23:39 PM] [TNyXj#2] EliSkzzz: enabled noclip
[9:23:44 PM] [TNyXj#2] EliSkzzz: became mortal (standard mode)
[9:34:06 PM] txAdmin: Logger started

================================================================
======== txAdmin Starting - 11/23/2023, 9:40:46 PM              
================================================================

================================================================
======== txAdmin Starting - 11/23/2023, 9:41:10 PM              
================================================================

================================================================
======== txAdmin Starting - 11/23/2023, 9:42:03 PM              
================================================================
[9:42:16 PM] txAdmin: Logger started
[9:43:38 PM] [gUgDN#1] EliSkzzz: joined with identifiers [steam:1100001584761a5; license:6534666eeab13bcaef982219612f5a68ddd455de; xbl:2535464651082284; live:1899947382947272; discord:473273865423028226; fivem:10893259; license2:6534666eeab13bcaef982219612f5a68ddd455de]
[9:51:47 PM] [gUgDN#1] EliSkzzz: disconnected ([txAdmin] Server restarting (requested by Elvir_Thaqi1).)
[9:53:13 PM] txAdmin: Logger started
[9:53:54 PM] [PqCq9#1] EliSkzzz: joined with identifiers [steam:1100001584761a5; license:6534666eeab13bcaef982219612f5a68ddd455de; xbl:2535464651082284; live:1899947382947272; discord:473273865423028226; fivem:10893259; license2:6534666eeab13bcaef982219612f5a68ddd455de]
[9:55:07 PM] [PqCq9#1] EliSkzzz: enabled noclip
[9:55:08 PM] [PqCq9#1] EliSkzzz: became mortal (standard mode)
[9:55:09 PM] [PqCq9#1] EliSkzzz: enabled noclip
[9:55:15 PM] [PqCq9#1] EliSkzzz: became mortal (standard mode)
[10:07:29 PM] [PqCq9#1] EliSkzzz: disconnected (Exiting)
[10:14:10 PM] txAdmin: Logger started
[10:16:31 PM] [eT9WA#1] EliSkzzz: joined with identifiers [steam:1100001584761a5; license:6534666eeab13bcaef982219612f5a68ddd455de; xbl:2535464651082284; live:1899947382947272; discord:473273865423028226; fivem:10893259; license2:6534666eeab13bcaef982219612f5a68ddd455de]
[10:21:19 PM] [eT9WA#1] EliSkzzz: disconnected (Exiting)
[10:24:28 PM] [eT9WA#2] EliSkzzz: joined with identifiers [steam:1100001584761a5; license:6534666eeab13bcaef982219612f5a68ddd455de; xbl:2535464651082284; live:1899947382947272; discord:473273865423028226; fivem:10893259; license2:6534666eeab13bcaef982219612f5a68ddd455de]
[10:45:13 PM] [eT9WA#2] EliSkzzz: disconnected ([txAdmin] Server restarting (requested by Elvir_Thaqi1).)
[10:47:31 PM] txAdmin: Logger started
[10:52:11 PM] [KinqE#1] EliSkzzz: joined with identifiers [steam:1100001584761a5; license:6534666eeab13bcaef982219612f5a68ddd455de; xbl:2535464651082284; live:1899947382947272; discord:473273865423028226; fivem:10893259; license2:6534666eeab13bcaef982219612f5a68ddd455de]
[10:53:30 PM] [KinqE#1] EliSkzzz: teleported to a waypoint
[10:55:40 PM] [KinqE#1] EliSkzzz: enabled noclip
[10:55:43 PM] [KinqE#1] EliSkzzz: became mortal (standard mode)
[10:58:37 PM] [KinqE#1] EliSkzzz: teleported to a waypoint
[11:06:11 PM] [KinqE#1] EliSkzzz: disconnected ([txAdmin] Server restarting (requested by Elvir_Thaqi1).)
[11:08:35 PM] txAdmin: Logger started
[11:25:06 PM] [wa8F3#1] EliSkzzz: joined with identifiers [steam:1100001584761a5; license:6534666eeab13bcaef982219612f5a68ddd455de; xbl:2535464651082284; live:1899947382947272; discord:473273865423028226; fivem:10893259; license2:6534666eeab13bcaef982219612f5a68ddd455de]
[11:26:10 PM] [wa8F3#1] EliSkzzz: enabled noclip
[11:26:11 PM] [wa8F3#1] EliSkzzz: became mortal (standard mode)
[11:44:26 PM] [wa8F3#1] EliSkzzz: disconnected (Game crashed: An exception occurred (c0000005 at 0x7ff754c59ebb) during removing of resources:/cfx-Ethnic-weapons/metas/[M6IC]/weapons.meta in data file mounter 0x141b20678. The game will be terminated.)
[11:45:41 PM] [wa8F3#2] EliSkzzz: joined with identifiers [steam:1100001584761a5; license:6534666eeab13bcaef982219612f5a68ddd455de; xbl:2535464651082284; live:1899947382947272; discord:473273865423028226; fivem:10893259; license2:6534666eeab13bcaef982219612f5a68ddd455de]
[11:57:52 PM] [wa8F3#2] EliSkzzz: disconnected ([txAdmin] Server restarting (requested by Elvir_Thaqi1).)
[11:59:26 PM] txAdmin: Logger started
