
================================================================
======== txAdmin Starting - 11/12/2023, 6:37:14 PM              
================================================================

================================================================
======== txAdmin Starting - 11/12/2023, 7:30:39 PM              
================================================================
[7:34:56 PM] txAdmin: Logger started
[7:38:42 PM] txAdmin: Logger started
[7:42:41 PM] txAdmin: Logger started
[7:43:02 PM] [XwWrY#1] EliSkzzz: joined with identifiers [steam:1100001584761a5; license:6534666eeab13bcaef982219612f5a68ddd455de; xbl:2535464651082284; live:1899947382947272; discord:473273865423028226; fivem:10893259; license2:6534666eeab13bcaef982219612f5a68ddd455de]
[7:45:56 PM] [XwWrY#1] EliSkzzz: disconnected (Exiting)
[7:47:03 PM] [XwWrY#2] EliSkzzz: joined with identifiers [steam:1100001584761a5; license:6534666eeab13bcaef982219612f5a68ddd455de; xbl:2535464651082284; live:1899947382947272; discord:473273865423028226; fivem:10893259; license2:6534666eeab13bcaef982219612f5a68ddd455de]
[7:49:01 PM] [XwWrY#2] EliSkzzz: disconnected (Exiting)
[7:51:47 PM] txAdmin: Logger started
[7:52:41 PM] [iHdcm#1] EliSkzzz: joined with identifiers [steam:1100001584761a5; license:6534666eeab13bcaef982219612f5a68ddd455de; xbl:2535464651082284; live:1899947382947272; discord:473273865423028226; fivem:10893259; license2:6534666eeab13bcaef982219612f5a68ddd455de]
[7:55:58 PM] [iHdcm#1] EliSkzzz: enabled noclip
[7:56:00 PM] [iHdcm#1] EliSkzzz: became mortal (standard mode)
[7:56:56 PM] [iHdcm#1] EliSkzzz: enabled noclip
[7:56:57 PM] [iHdcm#1] EliSkzzz: became mortal (standard mode)
[7:59:14 PM] [iHdcm#1] EliSkzzz: disconnected (Exiting)
[8:00:44 PM] [iHdcm#2] EliSkzzz: joined with identifiers [steam:1100001584761a5; license:6534666eeab13bcaef982219612f5a68ddd455de; xbl:2535464651082284; live:1899947382947272; discord:473273865423028226; fivem:10893259; license2:6534666eeab13bcaef982219612f5a68ddd455de]
[8:20:58 PM] [iHdcm#2] EliSkzzz: disconnected (Exiting)

================================================================
======== txAdmin Starting - 11/12/2023, 8:21:50 PM              
================================================================
[8:23:25 PM] txAdmin: Logger started
[8:24:08 PM] [VPH4a#1] EliSkzzz: joined with identifiers [steam:1100001584761a5; license:6534666eeab13bcaef982219612f5a68ddd455de; xbl:2535464651082284; live:1899947382947272; discord:473273865423028226; fivem:10893259; license2:6534666eeab13bcaef982219612f5a68ddd455de]
[8:30:04 PM] [VPH4a#1] EliSkzzz: disconnected (Exiting)
[8:32:53 PM] txAdmin: Logger started
[8:33:52 PM] [JKgiA#1] EliSkzzz: joined with identifiers [steam:1100001584761a5; license:6534666eeab13bcaef982219612f5a68ddd455de; xbl:2535464651082284; live:1899947382947272; discord:473273865423028226; fivem:10893259; license2:6534666eeab13bcaef982219612f5a68ddd455de]
[8:35:21 PM] [JKgiA#1] EliSkzzz: enabled noclip
[8:35:23 PM] [JKgiA#1] EliSkzzz: became mortal (standard mode)
[8:39:07 PM] [JKgiA#1] EliSkzzz: disconnected (Exiting)
