
================================================================
======== Log Rotated - 11/17/2023, 12:00:00 AM                  
================================================================
[12:08:51 AM] [jJ6f7#1] EliSkzzz: disconnected ([txAdmin] Server restarting (requested by Elvir_Thaqi1).)
[12:10:23 AM] txAdmin: Logger started
[12:12:32 AM] [WQka3#1] EliSkzzz: joined with identifiers [steam:1100001584761a5; license:6534666eeab13bcaef982219612f5a68ddd455de; xbl:2535464651082284; live:1899947382947272; discord:473273865423028226; fivem:10893259; license2:6534666eeab13bcaef982219612f5a68ddd455de]
[12:15:25 AM] [WQka3#1] EliSkzzz: enabled noclip
[12:15:35 AM] [WQka3#1] EliSkzzz: became mortal (standard mode)
[12:20:27 AM] [WQka3#1] EliSkzzz: enabled noclip
[12:20:29 AM] [WQka3#1] EliSkzzz: became mortal (standard mode)
[12:20:31 AM] [WQka3#1] EliSkzzz: teleported to a waypoint
[12:21:28 AM] [WQka3#1] EliSkzzz: enabled noclip
[12:21:31 AM] [WQka3#1] EliSkzzz: became mortal (standard mode)
[12:21:31 AM] [WQka3#1] EliSkzzz: enabled noclip
[12:21:34 AM] [WQka3#1] EliSkzzz: became mortal (standard mode)
[12:28:12 AM] [WQka3#1] EliSkzzz: teleported to a waypoint
[12:30:59 AM] [WQka3#1] EliSkzzz: disconnected (Game crashed: GTA5_b2944.exe!sub_1413B8C5C (0x49))
[12:54:20 AM] txAdmin: Logger started
[12:56:15 AM] [kXCcz#1] EliSkzzz: joined with identifiers [steam:1100001584761a5; license:6534666eeab13bcaef982219612f5a68ddd455de; xbl:2535464651082284; live:1899947382947272; discord:473273865423028226; fivem:10893259; license2:6534666eeab13bcaef982219612f5a68ddd455de]
[12:59:44 AM] [kXCcz#1] EliSkzzz: disconnected (Exiting)
[1:01:07 AM] txAdmin: Logger started
[1:51:31 AM] txAdmin: Logger started
[1:54:31 AM] [dLdPV#1] EliSkzzz: joined with identifiers [steam:1100001584761a5; license:6534666eeab13bcaef982219612f5a68ddd455de; xbl:2535464651082284; live:1899947382947272; discord:473273865423028226; fivem:10893259; license2:6534666eeab13bcaef982219612f5a68ddd455de]
[1:57:56 AM] [dLdPV#1] EliSkzzz: disconnected ([txAdmin] Server shutting down (requested by Elvir_Thaqi1).)
[1:59:26 AM] txAdmin: Logger started
[2:00:13 AM] [prxgc#1] EliSkzzz: joined with identifiers [steam:1100001584761a5; license:6534666eeab13bcaef982219612f5a68ddd455de; xbl:2535464651082284; live:1899947382947272; discord:473273865423028226; fivem:10893259; license2:6534666eeab13bcaef982219612f5a68ddd455de]
[2:11:22 AM] [prxgc#1] EliSkzzz: disconnected (Server->client connection timed out. Last seen 98 msec ago.)
[2:13:45 AM] txAdmin: Logger started
[2:15:21 AM] [kajjV#1] EliSkzzz: joined with identifiers [steam:1100001584761a5; license:6534666eeab13bcaef982219612f5a68ddd455de; xbl:2535464651082284; live:1899947382947272; discord:473273865423028226; fivem:10893259; license2:6534666eeab13bcaef982219612f5a68ddd455de]
[2:17:55 AM] [kajjV#1] EliSkzzz: disconnected ([txAdmin] Server shutting down (requested by Elvir_Thaqi1).)

================================================================
======== txAdmin Starting - 11/17/2023, 2:57:22 AM              
================================================================
[2:59:26 AM] txAdmin: Logger started
[3:07:36 AM] txAdmin: Logger started
[3:08:11 AM] txAdmin: Logger started
[3:10:40 AM] [ckRrU#1] EliSkzzz: joined with identifiers [steam:1100001584761a5; license:6534666eeab13bcaef982219612f5a68ddd455de; xbl:2535464651082284; live:1899947382947272; discord:473273865423028226; fivem:10893259; license2:6534666eeab13bcaef982219612f5a68ddd455de]
[3:11:52 AM] [ckRrU#1] EliSkzzz: disconnected (Exiting)
[3:13:56 AM] txAdmin: Logger started
[3:14:34 AM] [PnhXd#1] EliSkzzz: joined with identifiers [steam:1100001584761a5; license:6534666eeab13bcaef982219612f5a68ddd455de; xbl:2535464651082284; live:1899947382947272; discord:473273865423028226; fivem:10893259; license2:6534666eeab13bcaef982219612f5a68ddd455de]
[3:32:50 AM] [PnhXd#1] EliSkzzz: disconnected ([txAdmin] Server restarting (requested by Elvir_Thaqi1).)
[3:35:28 AM] txAdmin: Logger started
[3:35:46 AM] [TKHwK#1] EliSkzzz: joined with identifiers [steam:1100001584761a5; license:6534666eeab13bcaef982219612f5a68ddd455de; xbl:2535464651082284; live:1899947382947272; discord:473273865423028226; fivem:10893259; license2:6534666eeab13bcaef982219612f5a68ddd455de]
[3:38:01 AM] [TKHwK#1] EliSkzzz: disconnected (Exiting)
[3:45:27 AM] txAdmin: Logger started
[3:48:04 AM] [mQFg9#1] EliSkzzz: joined with identifiers [steam:1100001584761a5; license:6534666eeab13bcaef982219612f5a68ddd455de; xbl:2535464651082284; live:1899947382947272; discord:473273865423028226; fivem:10893259; license2:6534666eeab13bcaef982219612f5a68ddd455de]
[4:09:38 AM] [mQFg9#1] EliSkzzz: disconnected (Exiting)

================================================================
======== txAdmin Starting - 11/17/2023, 8:26:22 PM              
================================================================

================================================================
======== txAdmin Starting - 11/17/2023, 8:27:34 PM              
================================================================
[8:29:30 PM] txAdmin: Logger started

================================================================
======== txAdmin Starting - 11/17/2023, 8:32:02 PM              
================================================================
[8:33:51 PM] txAdmin: Logger started

================================================================
======== txAdmin Starting - 11/17/2023, 8:51:49 PM              
================================================================
[8:53:07 PM] txAdmin: Logger started
[8:58:10 PM] txAdmin: Logger started
[9:00:11 PM] txAdmin: Logger started
[9:01:14 PM] [UrbKD#1] EliSkzzz: joined with identifiers [steam:1100001584761a5; license:6534666eeab13bcaef982219612f5a68ddd455de; xbl:2535464651082284; live:1899947382947272; discord:473273865423028226; fivem:10893259; license2:6534666eeab13bcaef982219612f5a68ddd455de]
