
================================================================
======== txAdmin Starting - 11/14/2023, 7:26:10 PM              
================================================================

================================================================
======== Log Rotated - 11/14/2023, 7:26:10 PM                   
================================================================
[7:28:37 PM] txAdmin: Logger started
[7:37:35 PM] [JK4e6#1] EliSkzzz: joined with identifiers [steam:1100001584761a5; license:6534666eeab13bcaef982219612f5a68ddd455de; xbl:2535464651082284; live:1899947382947272; discord:473273865423028226; fivem:10893259; license2:6534666eeab13bcaef982219612f5a68ddd455de]
[8:10:35 PM] [JK4e6#1] EliSkzzz: enabled noclip
[8:10:46 PM] [JK4e6#1] EliSkzzz: became mortal (standard mode)
[8:11:03 PM] [JK4e6#1] EliSkzzz: enabled noclip
[8:11:04 PM] [JK4e6#1] EliSkzzz: became mortal (standard mode)
[8:11:25 PM] [JK4e6#1] EliSkzzz: enabled noclip
[8:11:59 PM] [JK4e6#1] EliSkzzz: became mortal (standard mode)
[8:12:07 PM] [JK4e6#1] EliSkzzz: enabled noclip
[8:12:11 PM] [JK4e6#1] EliSkzzz: became mortal (standard mode)
[8:17:15 PM] [JK4e6#1] EliSkzzz: enabled noclip
[8:17:20 PM] [JK4e6#1] EliSkzzz: became mortal (standard mode)
[8:22:21 PM] [JK4e6#1] EliSkzzz: enabled noclip
[8:22:21 PM] [JK4e6#1] EliSkzzz: became mortal (standard mode)
[9:06:25 PM] [JK4e6#1] EliSkzzz: enabled noclip
[9:06:29 PM] [JK4e6#1] EliSkzzz: became mortal (standard mode)
[9:08:38 PM] [JK4e6#1] EliSkzzz: enabled noclip
[9:08:49 PM] [JK4e6#1] EliSkzzz: became mortal (standard mode)
[9:14:49 PM] [JK4e6#1] EliSkzzz: cleared an area with 300m radius
[9:14:54 PM] [JK4e6#1] EliSkzzz: turned show player IDs on
[9:14:54 PM] [JK4e6#1] EliSkzzz: turned show player IDs off
[9:15:43 PM] [JK4e6#1] EliSkzzz: enabled noclip
[9:15:47 PM] [JK4e6#1] EliSkzzz: became mortal (standard mode)
[9:20:18 PM] [JK4e6#1] EliSkzzz: enabled noclip
[9:20:20 PM] [JK4e6#1] EliSkzzz: became mortal (standard mode)
[9:32:04 PM] [JK4e6#1] EliSkzzz: disconnected (Exiting)
[9:35:23 PM] txAdmin: Logger started
[11:51:55 PM] [K7cAm#1] EliSkzzz: joined with identifiers [steam:1100001584761a5; license:6534666eeab13bcaef982219612f5a68ddd455de; xbl:2535464651082284; live:1899947382947272; discord:473273865423028226; fivem:10893259; license2:6534666eeab13bcaef982219612f5a68ddd455de]
