
================================================================
======== txAdmin Starting - 12/5/2023, 2:51:10 PM               
================================================================

================================================================
======== Log Rotated - 12/5/2023, 2:51:10 PM                    
================================================================
[2:53:55 PM] txAdmin: Logger started
[2:55:08 PM] [at9Cy#1] EliSkzzz: joined with identifiers [steam:1100001584761a5; license:6534666eeab13bcaef982219612f5a68ddd455de; xbl:2535464651082284; live:1899947382947272; discord:473273865423028226; fivem:10893259; license2:6534666eeab13bcaef982219612f5a68ddd455de]
[3:02:18 PM] [at9Cy#1] EliSkzzz: enabled noclip
[3:02:42 PM] [at9Cy#1] EliSkzzz: became mortal (standard mode)
[3:09:37 PM] [at9Cy#1] EliSkzzz: enabled noclip
[3:09:45 PM] [at9Cy#1] EliSkzzz: became mortal (standard mode)
[3:10:05 PM] [at9Cy#1] EliSkzzz: enabled noclip
[3:11:01 PM] [at9Cy#1] EliSkzzz: became mortal (standard mode)
[3:11:14 PM] [at9Cy#1] EliSkzzz: enabled noclip
[3:11:22 PM] [at9Cy#1] EliSkzzz: became mortal (standard mode)
[4:08:13 PM] [at9Cy#1] EliSkzzz: enabled noclip
[4:08:28 PM] [at9Cy#1] EliSkzzz: became mortal (standard mode)
[4:09:34 PM] [at9Cy#1] EliSkzzz: enabled noclip
[4:09:39 PM] [at9Cy#1] EliSkzzz: became mortal (standard mode)
[4:10:08 PM] [at9Cy#1] EliSkzzz: enabled noclip
[4:10:10 PM] [at9Cy#1] EliSkzzz: became mortal (standard mode)
[4:18:06 PM] [at9Cy#1] EliSkzzz: enabled noclip
[4:18:26 PM] [at9Cy#1] EliSkzzz: became mortal (standard mode)
[4:42:24 PM] [at9Cy#1] EliSkzzz: disconnected (Game crashed: GTA5_b2944.exe!sub_140929C84 (0x33))
[4:44:39 PM] [at9Cy#2] EliSkzzz: joined with identifiers [steam:1100001584761a5; license:6534666eeab13bcaef982219612f5a68ddd455de; xbl:2535464651082284; live:1899947382947272; discord:473273865423028226; fivem:10893259; license2:6534666eeab13bcaef982219612f5a68ddd455de]
[4:46:53 PM] [at9Cy#2] EliSkzzz: enabled noclip
[4:48:19 PM] [at9Cy#2] EliSkzzz: became mortal (standard mode)
[5:31:48 PM] [at9Cy#2] EliSkzzz: enabled noclip
[5:32:01 PM] [at9Cy#2] EliSkzzz: became mortal (standard mode)
[5:32:50 PM] [at9Cy#2] EliSkzzz: enabled noclip
[5:35:13 PM] [at9Cy#2] EliSkzzz: became mortal (standard mode)
[5:35:15 PM] [at9Cy#2] EliSkzzz: enabled noclip
[5:35:18 PM] [at9Cy#2] EliSkzzz: became mortal (standard mode)
[5:35:56 PM] [at9Cy#2] EliSkzzz: enabled noclip
[5:36:34 PM] [at9Cy#2] EliSkzzz: became mortal (standard mode)
[5:36:36 PM] [at9Cy#2] EliSkzzz: enabled noclip
[5:36:43 PM] [at9Cy#2] EliSkzzz: became mortal (standard mode)
[5:37:02 PM] [at9Cy#2] EliSkzzz: enabled noclip
[5:37:55 PM] [at9Cy#2] EliSkzzz: became mortal (standard mode)
[5:37:55 PM] [at9Cy#2] EliSkzzz: enabled noclip
[5:38:00 PM] [at9Cy#2] EliSkzzz: became mortal (standard mode)
[6:08:58 PM] [at9Cy#2] EliSkzzz: enabled noclip
[6:10:09 PM] [at9Cy#2] EliSkzzz: became mortal (standard mode)
[6:16:43 PM] [at9Cy#2] EliSkzzz: disconnected ([txAdmin] Server restarting (requested by Elvir_Thaqi1).)
[6:19:26 PM] txAdmin: Logger started
[6:30:56 PM] [UHRDw#1] EliSkzzz: joined with identifiers [steam:1100001584761a5; license:6534666eeab13bcaef982219612f5a68ddd455de; xbl:2535464651082284; live:1899947382947272; discord:473273865423028226; fivem:10893259; license2:6534666eeab13bcaef982219612f5a68ddd455de]
[6:31:51 PM] [UHRDw#1] EliSkzzz: died from suicide (Falling)
[6:35:49 PM] [UHRDw#1] EliSkzzz: enabled noclip
[6:37:08 PM] [UHRDw#1] EliSkzzz: became mortal (standard mode)
[6:37:10 PM] [UHRDw#1] EliSkzzz: enabled noclip
[6:37:13 PM] [UHRDw#1] EliSkzzz: became mortal (standard mode)
[6:37:30 PM] [UHRDw#1] EliSkzzz: enabled noclip
[6:39:07 PM] [UHRDw#1] EliSkzzz: became mortal (standard mode)
[7:00:26 PM] [UHRDw#1] EliSkzzz: disconnected ([txAdmin] Server restarting (requested by Elvir_Thaqi1).)
[7:02:10 PM] txAdmin: Logger started
[7:02:30 PM] [qJz8M#1] EliSkzzz: joined with identifiers [steam:1100001584761a5; license:6534666eeab13bcaef982219612f5a68ddd455de; xbl:2535464651082284; live:1899947382947272; discord:473273865423028226; fivem:10893259; license2:6534666eeab13bcaef982219612f5a68ddd455de]
[7:04:08 PM] [qJz8M#1] EliSkzzz: disconnected ([txAdmin] Server restarting (requested by Elvir_Thaqi1).)
[7:05:36 PM] txAdmin: Logger started
[7:06:07 PM] [pLUMn#1] EliSkzzz: joined with identifiers [steam:1100001584761a5; license:6534666eeab13bcaef982219612f5a68ddd455de; xbl:2535464651082284; live:1899947382947272; discord:473273865423028226; fivem:10893259; license2:6534666eeab13bcaef982219612f5a68ddd455de]
[7:07:51 PM] [pLUMn#1] EliSkzzz: disconnected ([txAdmin] Server restarting (requested by Elvir_Thaqi1).)
[7:09:07 PM] txAdmin: Logger started
[7:10:38 PM] [AQf3j#1] EliSkzzz: joined with identifiers [steam:1100001584761a5; license:6534666eeab13bcaef982219612f5a68ddd455de; xbl:2535464651082284; live:1899947382947272; discord:473273865423028226; fivem:10893259; license2:6534666eeab13bcaef982219612f5a68ddd455de]
[7:19:37 PM] [AQf3j#1] EliSkzzz: disconnected ([txAdmin] Server restarting (requested by Elvir_Thaqi1).)
[7:20:59 PM] txAdmin: Logger started
[7:21:59 PM] [AxYwp#1] EliSkzzz: joined with identifiers [steam:1100001584761a5; license:6534666eeab13bcaef982219612f5a68ddd455de; xbl:2535464651082284; live:1899947382947272; discord:473273865423028226; fivem:10893259; license2:6534666eeab13bcaef982219612f5a68ddd455de]
[7:25:22 PM] [AxYwp#1] EliSkzzz: disconnected ([txAdmin] Server restarting (requested by Elvir_Thaqi1).)
[7:26:46 PM] txAdmin: Logger started
[7:50:07 PM] [RhGQq#1] EliSkzzz: joined with identifiers [steam:1100001584761a5; license:6534666eeab13bcaef982219612f5a68ddd455de; xbl:2535464651082284; live:1899947382947272; discord:473273865423028226; fivem:10893259; license2:6534666eeab13bcaef982219612f5a68ddd455de]
[7:52:18 PM] [RhGQq#1] EliSkzzz: disconnected ([txAdmin] Server restarting (requested by Elvir_Thaqi1).)
[7:54:33 PM] txAdmin: Logger started
[7:54:57 PM] [9cAtm#1] EliSkzzz: joined with identifiers [steam:1100001584761a5; license:6534666eeab13bcaef982219612f5a68ddd455de; xbl:2535464651082284; live:1899947382947272; discord:473273865423028226; fivem:10893259; license2:6534666eeab13bcaef982219612f5a68ddd455de]
[7:56:57 PM] [9cAtm#1] EliSkzzz: disconnected (Exiting)
[7:58:25 PM] txAdmin: Logger started
[7:59:10 PM] [rLTKN#1] EliSkzzz: joined with identifiers [steam:1100001584761a5; license:6534666eeab13bcaef982219612f5a68ddd455de; xbl:2535464651082284; live:1899947382947272; discord:473273865423028226; fivem:10893259; license2:6534666eeab13bcaef982219612f5a68ddd455de]
[8:00:40 PM] [rLTKN#1] EliSkzzz: disconnected (Exiting)
[8:01:08 PM] [rLTKN#2] EliSkzzz: joined with identifiers [steam:1100001584761a5; license:6534666eeab13bcaef982219612f5a68ddd455de; xbl:2535464651082284; live:1899947382947272; discord:473273865423028226; fivem:10893259; license2:6534666eeab13bcaef982219612f5a68ddd455de]
[8:33:41 PM] [rLTKN#2] EliSkzzz: enabled noclip
[8:33:45 PM] [rLTKN#2] EliSkzzz: became mortal (standard mode)
[8:42:08 PM] [rLTKN#2] EliSkzzz: disconnected (Exiting)
