
================================================================
======== txAdmin Starting - 11/18/2023, 1:58:14 AM              
================================================================

================================================================
======== Log Rotated - 11/18/2023, 1:58:14 AM                   
================================================================
[1:58:29 AM] txAdmin: Logger started

================================================================
======== txAdmin Starting - 11/18/2023, 3:16:32 AM              
================================================================
[3:19:10 AM] txAdmin: Logger started
[3:23:47 AM] [8TqqQ#1] EliSkzzz: joined with identifiers [steam:1100001584761a5; license:6534666eeab13bcaef982219612f5a68ddd455de; xbl:2535464651082284; live:1899947382947272; discord:473273865423028226; fivem:10893259; license2:6534666eeab13bcaef982219612f5a68ddd455de]
[3:27:59 AM] [8TqqQ#1] EliSkzzz: spawned a vehicle (model: sc1)
[3:28:39 AM] [8TqqQ#1] EliSkzzz: disconnected (Exiting)

================================================================
======== txAdmin Starting - 11/18/2023, 3:33:00 AM              
================================================================
[3:35:22 AM] txAdmin: Logger started
[3:37:47 AM] [PnKWP#1] EliSkzzz: joined with identifiers [steam:1100001584761a5; license:6534666eeab13bcaef982219612f5a68ddd455de; xbl:2535464651082284; live:1899947382947272; discord:473273865423028226; fivem:10893259; license2:6534666eeab13bcaef982219612f5a68ddd455de]
[3:39:31 AM] [PnKWP#1] EliSkzzz: enabled noclip
[3:39:36 AM] [PnKWP#1] EliSkzzz: became mortal (standard mode)
[3:56:17 AM] [PnKWP#1] EliSkzzz: enabled noclip
[3:57:42 AM] [PnKWP#1] EliSkzzz: became mortal (standard mode)
[4:12:44 AM] [PnKWP#1] EliSkzzz: enabled noclip
[4:13:00 AM] [PnKWP#1] EliSkzzz: disconnected (Game crashed: GTA5_b2944.exe!sub_140929C84 (0x33))
[4:15:43 AM] [PnKWP#2] EliSkzzz: joined with identifiers [steam:1100001584761a5; license:6534666eeab13bcaef982219612f5a68ddd455de; xbl:2535464651082284; live:1899947382947272; discord:473273865423028226; fivem:10893259; license2:6534666eeab13bcaef982219612f5a68ddd455de]
[4:18:02 AM] [PnKWP#2] EliSkzzz: enabled noclip
[4:18:26 AM] [PnKWP#2] EliSkzzz: became mortal (standard mode)
[4:20:37 AM] [PnKWP#2] EliSkzzz: healed themself
[4:20:38 AM] [PnKWP#2] EliSkzzz: healed themself
[4:20:45 AM] [PnKWP#2] EliSkzzz: enabled noclip
[4:20:53 AM] [PnKWP#2] EliSkzzz: became mortal (standard mode)
[4:22:18 AM] [PnKWP#2] EliSkzzz: enabled noclip
[4:22:18 AM] [PnKWP#2] EliSkzzz: became mortal (standard mode)
[4:22:18 AM] [PnKWP#2] EliSkzzz: enabled noclip
[4:22:18 AM] [PnKWP#2] EliSkzzz: became mortal (standard mode)
[4:22:20 AM] [PnKWP#2] EliSkzzz: enabled noclip
[4:22:21 AM] [PnKWP#2] EliSkzzz: became mortal (standard mode)
[4:22:22 AM] [PnKWP#2] EliSkzzz: enabled noclip
[4:22:41 AM] [PnKWP#2] EliSkzzz: became mortal (standard mode)
[4:22:41 AM] [PnKWP#2] EliSkzzz: enabled noclip
[4:22:58 AM] [PnKWP#2] EliSkzzz: became mortal (standard mode)
[4:33:03 AM] [PnKWP#2] EliSkzzz: enabled noclip
[4:33:19 AM] [PnKWP#2] EliSkzzz: became mortal (standard mode)
[4:42:38 AM] [PnKWP#2] EliSkzzz: disconnected (Couldn't load resource mig29a: Couldn't load resource mig29a from resources:/mig29a/: Could not open)
[4:45:42 AM] txAdmin: Logger started
[4:46:24 AM] [YKxWR#1] EliSkzzz: joined with identifiers [steam:1100001584761a5; license:6534666eeab13bcaef982219612f5a68ddd455de; xbl:2535464651082284; live:1899947382947272; discord:473273865423028226; fivem:10893259; license2:6534666eeab13bcaef982219612f5a68ddd455de]
[4:50:21 AM] [YKxWR#1] EliSkzzz: disconnected (Obtaining configuration from server failed. Error state: Received HTTP/0.9 when not allowed - CURL e)
[4:52:08 AM] [YKxWR#2] EliSkzzz: joined with identifiers [steam:1100001584761a5; license:6534666eeab13bcaef982219612f5a68ddd455de; xbl:2535464651082284; live:1899947382947272; discord:473273865423028226; fivem:10893259; license2:6534666eeab13bcaef982219612f5a68ddd455de]
[4:52:58 AM] [YKxWR#2] EliSkzzz: died from suicide (Falling)
[4:55:37 AM] [YKxWR#2] EliSkzzz: caused an explosion (PLANE_ROCKET)
[4:55:40 AM] [YKxWR#2] EliSkzzz: caused an explosion (PLANE_ROCKET)
[5:14:53 AM] [YKxWR#2] EliSkzzz: enabled noclip
[5:14:54 AM] [YKxWR#2] EliSkzzz: became mortal (standard mode)
[5:14:54 AM] [YKxWR#2] EliSkzzz: enabled noclip
[5:15:12 AM] [YKxWR#2] EliSkzzz: became mortal (standard mode)
[5:15:26 AM] [YKxWR#2] EliSkzzz: disconnected (Exiting)
[5:16:03 AM] [YKxWR#3] EliSkzzz: joined with identifiers [steam:1100001584761a5; license:6534666eeab13bcaef982219612f5a68ddd455de; xbl:2535464651082284; live:1899947382947272; discord:473273865423028226; fivem:10893259; license2:6534666eeab13bcaef982219612f5a68ddd455de]
[5:19:18 AM] [YKxWR#3] EliSkzzz: enabled noclip
[5:19:18 AM] [YKxWR#3] EliSkzzz: became mortal (standard mode)
[5:45:16 AM] [YKxWR#3] EliSkzzz: disconnected (Game crashed: An exception occurred (c0000005 at 0x7ff7e8257659) during removing of resources:/cfx-Ethnic-weaponmetas/metas/weaponminismg2.meta in data file mounter 0x141b20678. The game will be terminated.)
[5:46:02 AM] [YKxWR#4] EliSkzzz: joined with identifiers [steam:1100001584761a5; license:6534666eeab13bcaef982219612f5a68ddd455de; xbl:2535464651082284; live:1899947382947272; discord:473273865423028226; fivem:10893259; license2:6534666eeab13bcaef982219612f5a68ddd455de]
[5:55:54 AM] [YKxWR#4] EliSkzzz: disconnected ([txAdmin] Server restarting (requested by Elvir_Thaqi1).)
[5:57:40 AM] txAdmin: Logger started
[5:58:47 AM] [ntcTD#1] EliSkzzz: joined with identifiers [steam:1100001584761a5; license:6534666eeab13bcaef982219612f5a68ddd455de; xbl:2535464651082284; live:1899947382947272; discord:473273865423028226; fivem:10893259; license2:6534666eeab13bcaef982219612f5a68ddd455de]
[6:07:28 AM] [ntcTD#1] EliSkzzz: disconnected ([txAdmin] Server restarting (requested by Elvir_Thaqi1).)
[6:09:00 AM] txAdmin: Logger started
[6:09:16 AM] [eDnb7#1] EliSkzzz: joined with identifiers [steam:1100001584761a5; license:6534666eeab13bcaef982219612f5a68ddd455de; xbl:2535464651082284; live:1899947382947272; discord:473273865423028226; fivem:10893259; license2:6534666eeab13bcaef982219612f5a68ddd455de]
[6:20:39 AM] [eDnb7#1] EliSkzzz: disconnected (Exiting)
[6:21:11 AM] txAdmin: Logger started
[6:23:40 AM] [CXCte#1] EliSkzzz: joined with identifiers [steam:1100001584761a5; license:6534666eeab13bcaef982219612f5a68ddd455de; xbl:2535464651082284; live:1899947382947272; discord:473273865423028226; fivem:10893259; license2:6534666eeab13bcaef982219612f5a68ddd455de]
[6:32:50 AM] [CXCte#1] EliSkzzz: enabled noclip
[6:33:43 AM] [CXCte#1] EliSkzzz: enabled noclip
[6:33:46 AM] [CXCte#1] EliSkzzz: became mortal (standard mode)
[6:34:22 AM] [CXCte#1] EliSkzzz: caused an explosion (PLANE)
[6:34:22 AM] [CXCte#1] EliSkzzz: caused an explosion (PLANE)
[6:34:22 AM] [CXCte#1] EliSkzzz: died from suicide (Explosion)
[6:34:29 AM] [CXCte#1] EliSkzzz: caused an explosion (PLANE)
[6:34:29 AM] [CXCte#1] EliSkzzz: caused an explosion (PLANE)
[6:34:40 AM] [CXCte#1] EliSkzzz: enabled noclip
[6:34:45 AM] [CXCte#1] EliSkzzz: became mortal (standard mode)
[6:37:45 AM] [CXCte#1] EliSkzzz: disconnected (Couldn't load resource map-mansionmalibu: Couldn't load resource map-mansionmalibu from resources:/m)
[6:39:23 AM] txAdmin: Logger started
[6:40:04 AM] [KA9qa#1] EliSkzzz: joined with identifiers [steam:1100001584761a5; license:6534666eeab13bcaef982219612f5a68ddd455de; xbl:2535464651082284; live:1899947382947272; discord:473273865423028226; fivem:10893259; license2:6534666eeab13bcaef982219612f5a68ddd455de]
[6:43:00 AM] [KA9qa#1] EliSkzzz: enabled noclip
[6:46:37 AM] [KA9qa#1] EliSkzzz: disconnected (Game crashed: GTA5_b2944.exe!sub_140929C84 (0x33))

================================================================
======== txAdmin Starting - 11/18/2023, 11:09:32 PM             
================================================================
[11:11:55 PM] txAdmin: Logger started
[11:14:23 PM] [36eME#1] EliSkzzz: joined with identifiers [steam:1100001584761a5; license:6534666eeab13bcaef982219612f5a68ddd455de; xbl:2535464651082284; live:1899947382947272; discord:473273865423028226; fivem:10893259; license2:6534666eeab13bcaef982219612f5a68ddd455de]
[11:44:47 PM] [36eME#1] EliSkzzz: enabled noclip
[11:44:50 PM] [36eME#1] EliSkzzz: became mortal (standard mode)
[11:45:58 PM] [36eME#1] EliSkzzz: enabled noclip
[11:46:01 PM] [36eME#1] EliSkzzz: became mortal (standard mode)
