
================================================================
======== Log Rotated - 11/16/2023, 12:00:00 AM                  
================================================================
[12:22:36 AM] [G4QAz#1] EliSkzzz: disconnected (Server shutting down: SIGINT received)

================================================================
======== txAdmin Starting - 11/16/2023, 2:19:19 AM              
================================================================
[2:24:46 AM] txAdmin: Logger started
[2:32:24 AM] [tHTWq#1] EliSkzzz: joined with identifiers [steam:1100001584761a5; license:6534666eeab13bcaef982219612f5a68ddd455de; xbl:2535464651082284; live:1899947382947272; discord:473273865423028226; fivem:10893259; license2:6534666eeab13bcaef982219612f5a68ddd455de]

================================================================
======== txAdmin Starting - 11/16/2023, 2:47:43 AM              
================================================================
[2:49:58 AM] txAdmin: Logger started
[2:51:43 AM] [DJzeL#1] EliSkzzz: joined with identifiers [steam:1100001584761a5; license:6534666eeab13bcaef982219612f5a68ddd455de; xbl:2535464651082284; live:1899947382947272; discord:473273865423028226; fivem:10893259; license2:6534666eeab13bcaef982219612f5a68ddd455de]
[3:05:42 AM] [DJzeL#1] EliSkzzz: disconnected (Exiting)
[3:07:22 AM] txAdmin: Logger started
[3:08:51 AM] [6QGX4#1] EliSkzzz: joined with identifiers [steam:1100001584761a5; license:6534666eeab13bcaef982219612f5a68ddd455de; xbl:2535464651082284; live:1899947382947272; discord:473273865423028226; fivem:10893259; license2:6534666eeab13bcaef982219612f5a68ddd455de]
[3:10:07 AM] [6QGX4#1] EliSkzzz: disconnected (Exiting)
[3:11:27 AM] txAdmin: Logger started
[3:12:10 AM] txAdmin: Logger started
[3:13:15 AM] txAdmin: Logger started
[3:15:55 AM] [BUwgJ#1] EliSkzzz: joined with identifiers [steam:1100001584761a5; license:6534666eeab13bcaef982219612f5a68ddd455de; xbl:2535464651082284; live:1899947382947272; discord:473273865423028226; fivem:10893259; license2:6534666eeab13bcaef982219612f5a68ddd455de]
[3:21:45 AM] [BUwgJ#1] EliSkzzz: disconnected (Exiting)

================================================================
======== txAdmin Starting - 11/16/2023, 11:40:57 PM             
================================================================
[11:43:21 PM] txAdmin: Logger started
[11:45:17 PM] [mqrpU#1] EliSkzzz: joined with identifiers [steam:1100001584761a5; license:6534666eeab13bcaef982219612f5a68ddd455de; xbl:2535464651082284; live:1899947382947272; discord:473273865423028226; fivem:10893259; license2:6534666eeab13bcaef982219612f5a68ddd455de]
[11:55:00 PM] [mqrpU#1] EliSkzzz: disconnected ([txAdmin] Server restarting (requested by Elvir_Thaqi1).)
[11:58:08 PM] txAdmin: Logger started
[11:58:30 PM] [jJ6f7#1] EliSkzzz: joined with identifiers [steam:1100001584761a5; license:6534666eeab13bcaef982219612f5a68ddd455de; xbl:2535464651082284; live:1899947382947272; discord:473273865423028226; fivem:10893259; license2:6534666eeab13bcaef982219612f5a68ddd455de]
