
================================================================
======== txAdmin Starting - 12/12/2023, 3:30:23 AM              
================================================================

================================================================
======== Log Rotated - 12/12/2023, 3:30:23 AM                   
================================================================
[3:31:34 AM] txAdmin: Logger started
[3:34:28 AM] [8Deht#1] EliSkzzz: joined with identifiers [steam:1100001584761a5; license:6534666eeab13bcaef982219612f5a68ddd455de; xbl:2535464651082284; live:1899947382947272; discord:473273865423028226; fivem:10893259; license2:6534666eeab13bcaef982219612f5a68ddd455de]
[5:11:28 AM] [8Deht#1] EliSkzzz: disconnected (Exiting)

================================================================
======== txAdmin Starting - 12/14/2023, 4:59:49 AM              
================================================================
[5:00:52 AM] txAdmin: Logger started
[5:01:47 AM] [TYqRb#1] EliSkzzz: joined with identifiers [steam:110000135ff4d5a; license:6534666eeab13bcaef982219612f5a68ddd455de; xbl:2535464651082284; live:1899947382947272; discord:473273865423028226; fivem:10893259; license2:6534666eeab13bcaef982219612f5a68ddd455de]
[5:02:43 AM] [TYqRb#1] EliSkzzz: disconnected (Exiting)
[5:04:25 AM] [TYqRb#2] EliSkzzz: joined with identifiers [steam:1100001584761a5; license:6534666eeab13bcaef982219612f5a68ddd455de; xbl:2535464651082284; live:1899947382947272; discord:473273865423028226; fivem:10893259; license2:6534666eeab13bcaef982219612f5a68ddd455de]
[5:20:44 AM] [TYqRb#2] EliSkzzz: enabled noclip
[5:20:44 AM] [TYqRb#2] EliSkzzz: became mortal (standard mode)
[5:20:44 AM] [TYqRb#2] EliSkzzz: enabled noclip
[5:21:04 AM] [TYqRb#2] EliSkzzz: became mortal (standard mode)
[5:21:23 AM] [TYqRb#2] EliSkzzz: disconnected ([txAdmin] Server restarting (requested by Elvir_Thaqi1).)
[5:22:53 AM] txAdmin: Logger started
[5:24:21 AM] [ARqK7#1] EliSkzzz: joined with identifiers [steam:1100001584761a5; license:6534666eeab13bcaef982219612f5a68ddd455de; xbl:2535464651082284; live:1899947382947272; discord:473273865423028226; fivem:10893259; license2:6534666eeab13bcaef982219612f5a68ddd455de]
[5:32:02 AM] [ARqK7#1] EliSkzzz: disconnected ([txAdmin] Server restarting (requested by Elvir_Thaqi1).)
[5:33:28 AM] txAdmin: Logger started
[5:33:48 AM] [X8PB7#1] EliSkzzz: joined with identifiers [steam:1100001584761a5; license:6534666eeab13bcaef982219612f5a68ddd455de; xbl:2535464651082284; live:1899947382947272; discord:473273865423028226; fivem:10893259; license2:6534666eeab13bcaef982219612f5a68ddd455de]
[5:37:09 AM] [X8PB7#1] EliSkzzz: disconnected ([txAdmin] Server restarting (requested by Elvir_Thaqi1).)
[5:38:25 AM] txAdmin: Logger started
[5:40:00 AM] txAdmin: Logger started
[5:40:29 AM] [nCpfL#1] EliSkzzz: joined with identifiers [steam:1100001584761a5; license:6534666eeab13bcaef982219612f5a68ddd455de; xbl:2535464651082284; live:1899947382947272; discord:473273865423028226; fivem:10893259; license2:6534666eeab13bcaef982219612f5a68ddd455de]
[5:42:04 AM] [nCpfL#1] EliSkzzz: disconnected ([txAdmin] Server restarting (requested by Elvir_Thaqi1).)
[5:43:26 AM] txAdmin: Logger started
[5:44:27 AM] [8UMdU#1] EliSkzzz: joined with identifiers [steam:1100001584761a5; license:6534666eeab13bcaef982219612f5a68ddd455de; xbl:2535464651082284; live:1899947382947272; discord:473273865423028226; fivem:10893259; license2:6534666eeab13bcaef982219612f5a68ddd455de]
[5:50:56 AM] [8UMdU#1] EliSkzzz: spawned a vehicle (model: buffalo4h)
[5:51:02 AM] [8UMdU#1] EliSkzzz: enabled noclip
[5:51:40 AM] [8UMdU#1] EliSkzzz: became mortal (standard mode)
[5:51:47 AM] [8UMdU#1] EliSkzzz: spawned a vehicle (model: sc1)
[5:52:04 AM] [8UMdU#1] EliSkzzz: spawned a vehicle (model: buffalo4h)
[6:14:40 AM] [8UMdU#1] EliSkzzz: disconnected (Exiting)
