
================================================================
======== txAdmin Starting - 12/11/2023, 3:40:44 AM              
================================================================

================================================================
======== Log Rotated - 12/11/2023, 3:40:45 AM                   
================================================================

================================================================
======== txAdmin Starting - 12/11/2023, 3:41:04 AM              
================================================================
[3:42:17 AM] txAdmin: Logger started
[3:45:38 AM] [kmcFA#1] EliSkzzz: joined with identifiers [steam:1100001584761a5; license:6534666eeab13bcaef982219612f5a68ddd455de; xbl:2535464651082284; live:1899947382947272; discord:473273865423028226; fivem:10893259; license2:6534666eeab13bcaef982219612f5a68ddd455de]
[3:47:22 AM] [kmcFA#1] EliSkzzz: enabled noclip
[3:47:29 AM] [kmcFA#1] EliSkzzz: became mortal (standard mode)
[4:16:29 AM] [kmcFA#1] EliSkzzz: enabled noclip
[4:16:32 AM] [kmcFA#1] EliSkzzz: became mortal (standard mode)
[4:25:30 AM] [kmcFA#1] EliSkzzz: disconnected ([txAdmin] Server restarting (requested by Elvir_Thaqi1).)
[4:26:49 AM] txAdmin: Logger started
[4:27:19 AM] [qr6YQ#1] EliSkzzz: joined with identifiers [steam:1100001584761a5; license:6534666eeab13bcaef982219612f5a68ddd455de; xbl:2535464651082284; live:1899947382947272; discord:473273865423028226; fivem:10893259; license2:6534666eeab13bcaef982219612f5a68ddd455de]
[4:48:35 AM] [qr6YQ#1] EliSkzzz: disconnected (Exiting)

================================================================
======== txAdmin Starting - 12/11/2023, 4:53:04 PM              
================================================================
[4:54:12 PM] txAdmin: Logger started
[4:57:40 PM] [G7BiK#1] EliSkzzz: joined with identifiers [steam:1100001584761a5; license:6534666eeab13bcaef982219612f5a68ddd455de; xbl:2535464651082284; live:1899947382947272; discord:473273865423028226; fivem:10893259; license2:6534666eeab13bcaef982219612f5a68ddd455de]
[5:36:47 PM] [G7BiK#1] EliSkzzz: disconnected ([txAdmin] Server restarting (requested by Elvir_Thaqi1).)
[5:37:59 PM] txAdmin: Logger started
[6:36:36 PM] [dkPXH#1] EliSkzzz: joined with identifiers [steam:1100001584761a5; license:6534666eeab13bcaef982219612f5a68ddd455de; xbl:2535464651082284; live:1899947382947272; discord:473273865423028226; fivem:10893259; license2:6534666eeab13bcaef982219612f5a68ddd455de]
[6:43:12 PM] [dkPXH#1] EliSkzzz: disconnected ([txAdmin] Server restarting (requested by Elvir_Thaqi1).)
[6:44:19 PM] txAdmin: Logger started
[6:45:54 PM] [8LAhz#1] EliSkzzz: joined with identifiers [steam:1100001584761a5; license:6534666eeab13bcaef982219612f5a68ddd455de; xbl:2535464651082284; live:1899947382947272; discord:473273865423028226; fivem:10893259; license2:6534666eeab13bcaef982219612f5a68ddd455de]
[6:47:57 PM] [8LAhz#1] EliSkzzz: disconnected ([txAdmin] Server restarting (requested by Elvir_Thaqi1).)
[6:49:05 PM] txAdmin: Logger started
[6:50:45 PM] [RJNH4#1] EliSkzzz: joined with identifiers [steam:1100001584761a5; license:6534666eeab13bcaef982219612f5a68ddd455de; xbl:2535464651082284; live:1899947382947272; discord:473273865423028226; fivem:10893259; license2:6534666eeab13bcaef982219612f5a68ddd455de]
[6:53:23 PM] [RJNH4#1] EliSkzzz: disconnected (Game crashed: GTA5_b2944.exe!CEntity::SetModelIndex (0x120))
[6:55:04 PM] txAdmin: Logger started
[6:55:29 PM] [KcKHF#1] EliSkzzz: joined with identifiers [steam:1100001584761a5; license:6534666eeab13bcaef982219612f5a68ddd455de; xbl:2535464651082284; live:1899947382947272; discord:473273865423028226; fivem:10893259; license2:6534666eeab13bcaef982219612f5a68ddd455de]
[6:57:26 PM] [KcKHF#1] EliSkzzz: disconnected (Server->client connection timed out. Last seen 40064 msec ago.)
[6:57:38 PM] [KcKHF#2] EliSkzzz: joined with identifiers [steam:1100001584761a5; license:6534666eeab13bcaef982219612f5a68ddd455de; xbl:2535464651082284; live:1899947382947272; discord:473273865423028226; fivem:10893259; license2:6534666eeab13bcaef982219612f5a68ddd455de]
[6:58:41 PM] [KcKHF#2] EliSkzzz: disconnected (Game crashed: GTA5_b2944.exe!CEntity::SetModelIndex (0x120))
[7:05:15 PM] txAdmin: Logger started
[7:08:06 PM] [i3N7p#1] EliSkzzz: joined with identifiers [steam:1100001584761a5; license:6534666eeab13bcaef982219612f5a68ddd455de; xbl:2535464651082284; live:1899947382947272; discord:473273865423028226; fivem:10893259; license2:6534666eeab13bcaef982219612f5a68ddd455de]
[7:15:26 PM] [i3N7p#1] EliSkzzz: enabled noclip
[7:15:41 PM] [i3N7p#1] EliSkzzz: became mortal (standard mode)
[7:18:00 PM] [i3N7p#1] EliSkzzz: enabled noclip
[7:18:18 PM] [i3N7p#1] EliSkzzz: became mortal (standard mode)
[7:18:22 PM] [i3N7p#1] EliSkzzz: disconnected (Exiting)
[7:19:39 PM] txAdmin: Logger started
[7:20:46 PM] [xNidD#1] EliSkzzz: joined with identifiers [steam:1100001584761a5; license:6534666eeab13bcaef982219612f5a68ddd455de; xbl:2535464651082284; live:1899947382947272; discord:473273865423028226; fivem:10893259; license2:6534666eeab13bcaef982219612f5a68ddd455de]
[7:22:36 PM] [xNidD#1] EliSkzzz: enabled noclip
[7:23:10 PM] [xNidD#1] EliSkzzz: became mortal (standard mode)
[7:23:28 PM] [xNidD#1] EliSkzzz: disconnected (Exiting)

================================================================
======== txAdmin Starting - 12/11/2023, 8:52:58 PM              
================================================================
[8:54:06 PM] txAdmin: Logger started
[9:14:27 PM] [HUJHE#1] EliSkzzz: joined with identifiers [steam:1100001584761a5; license:6534666eeab13bcaef982219612f5a68ddd455de; xbl:2535464651082284; live:1899947382947272; discord:473273865423028226; fivem:10893259; license2:6534666eeab13bcaef982219612f5a68ddd455de]
[10:18:53 PM] [HUJHE#1] EliSkzzz: disconnected (Exiting)
