
================================================================
======== txAdmin Starting - 12/4/2023, 4:53:43 PM               
================================================================

================================================================
======== Log Rotated - 12/4/2023, 4:53:44 PM                    
================================================================
[4:56:51 PM] txAdmin: Logger started
[4:57:20 PM] [AzyAq#1] EliSkzzz: joined with identifiers [steam:1100001584761a5; license:6534666eeab13bcaef982219612f5a68ddd455de; xbl:2535464651082284; live:1899947382947272; discord:473273865423028226; fivem:10893259; license2:6534666eeab13bcaef982219612f5a68ddd455de]
[5:03:48 PM] [AzyAq#1] EliSkzzz: died from suicide (Falling)
[5:03:53 PM] [AzyAq#1] EliSkzzz: enabled noclip
[5:03:59 PM] [AzyAq#1] EliSkzzz: became mortal (standard mode)
[5:38:01 PM] [AzyAq#1] EliSkzzz: disconnected (Exiting)
[5:40:42 PM] txAdmin: Logger started
[6:13:36 PM] [VCw8Y#1] EliSkzzz: joined with identifiers [steam:1100001584761a5; license:6534666eeab13bcaef982219612f5a68ddd455de; xbl:2535464651082284; live:1899947382947272; discord:473273865423028226; fivem:10893259; license2:6534666eeab13bcaef982219612f5a68ddd455de]
[6:25:00 PM] [VCw8Y#1] EliSkzzz: teleported to coordinates (x=-50.240, y=-1089.090, z=25.400)
[6:26:49 PM] [VCw8Y#1] EliSkzzz: enabled noclip
[6:27:02 PM] [VCw8Y#1] EliSkzzz: became mortal (standard mode)
[6:28:03 PM] [VCw8Y#1] EliSkzzz: enabled noclip
[6:28:19 PM] [VCw8Y#1] EliSkzzz: became mortal (standard mode)
[6:28:50 PM] [VCw8Y#1] EliSkzzz: enabled noclip
[6:30:32 PM] [VCw8Y#1] EliSkzzz: became mortal (standard mode)
[6:30:34 PM] [VCw8Y#1] EliSkzzz: enabled noclip
[6:30:36 PM] [VCw8Y#1] EliSkzzz: became mortal (standard mode)
[6:30:47 PM] [VCw8Y#1] EliSkzzz: enabled noclip
[6:31:30 PM] [VCw8Y#1] EliSkzzz: became mortal (standard mode)
[6:32:28 PM] [VCw8Y#1] EliSkzzz: disconnected (Exiting)
[8:44:06 PM] [VCw8Y#2] EliSkzzz: joined with identifiers [steam:1100001584761a5; license:6534666eeab13bcaef982219612f5a68ddd455de; xbl:2535464651082284; live:1899947382947272; discord:473273865423028226; fivem:10893259; license2:6534666eeab13bcaef982219612f5a68ddd455de]
[8:55:08 PM] [VCw8Y#2] EliSkzzz: enabled noclip
[8:55:17 PM] [VCw8Y#2] EliSkzzz: became mortal (standard mode)
[8:57:04 PM] [VCw8Y#2] EliSkzzz: enabled noclip
[8:57:09 PM] [VCw8Y#2] EliSkzzz: became mortal (standard mode)
[8:58:27 PM] [VCw8Y#2] EliSkzzz: enabled noclip
[8:58:38 PM] [VCw8Y#2] EliSkzzz: became mortal (standard mode)
[8:59:29 PM] [VCw8Y#2] EliSkzzz: enabled noclip
[9:00:33 PM] [VCw8Y#2] EliSkzzz: became mortal (standard mode)
[9:00:35 PM] [VCw8Y#2] EliSkzzz: enabled noclip
[9:00:41 PM] [VCw8Y#2] EliSkzzz: became mortal (standard mode)
[9:04:20 PM] [VCw8Y#2] EliSkzzz: enabled noclip
[9:04:22 PM] [VCw8Y#2] EliSkzzz: became mortal (standard mode)
[9:04:26 PM] [VCw8Y#2] EliSkzzz: enabled noclip
[9:05:12 PM] [VCw8Y#2] EliSkzzz: became mortal (standard mode)
[9:15:34 PM] [VCw8Y#2] EliSkzzz: enabled noclip
[9:15:37 PM] [VCw8Y#2] EliSkzzz: became mortal (standard mode)
[9:21:16 PM] [VCw8Y#2] EliSkzzz: enabled noclip
[9:22:14 PM] [VCw8Y#2] EliSkzzz: became mortal (standard mode)
[9:22:32 PM] [VCw8Y#2] EliSkzzz: enabled noclip
[9:23:17 PM] [VCw8Y#2] EliSkzzz: became mortal (standard mode)
[9:23:37 PM] [VCw8Y#2] EliSkzzz: enabled noclip
[9:24:05 PM] [VCw8Y#2] EliSkzzz: became mortal (standard mode)
[9:24:26 PM] [VCw8Y#2] EliSkzzz: enabled noclip
[9:29:41 PM] [VCw8Y#2] EliSkzzz: became mortal (standard mode)
[9:29:43 PM] [VCw8Y#2] EliSkzzz: enabled noclip
[9:30:02 PM] [VCw8Y#2] EliSkzzz: became mortal (standard mode)
[9:30:22 PM] [VCw8Y#2] EliSkzzz: enabled noclip
[9:30:43 PM] [VCw8Y#2] EliSkzzz: became mortal (standard mode)
[9:31:27 PM] [VCw8Y#2] EliSkzzz: enabled noclip
[9:32:48 PM] [VCw8Y#2] EliSkzzz: became mortal (standard mode)
[9:32:52 PM] [VCw8Y#2] EliSkzzz: enabled noclip
[9:32:53 PM] [VCw8Y#2] EliSkzzz: became mortal (standard mode)
[9:32:57 PM] [VCw8Y#2] EliSkzzz: enabled noclip
[9:33:04 PM] [VCw8Y#2] EliSkzzz: became mortal (standard mode)
[9:33:36 PM] [VCw8Y#2] EliSkzzz: enabled noclip
[9:33:59 PM] [VCw8Y#2] EliSkzzz: became mortal (standard mode)
[9:34:13 PM] [VCw8Y#2] EliSkzzz: enabled noclip
[9:35:33 PM] [VCw8Y#2] EliSkzzz: became mortal (standard mode)
[9:39:34 PM] [VCw8Y#2] EliSkzzz: enabled noclip
[9:39:42 PM] [VCw8Y#2] EliSkzzz: became mortal (standard mode)
[9:55:29 PM] [VCw8Y#2] EliSkzzz: disconnected (Exiting)
