
================================================================
======== Log Rotated - 11/15/2023, 12:00:00 AM                  
================================================================
[12:07:19 AM] [K7cAm#1] EliSkzzz: enabled noclip
[12:07:23 AM] [K7cAm#1] EliSkzzz: became mortal (standard mode)
[12:09:30 AM] [K7cAm#1] EliSkzzz: enabled noclip
[12:09:34 AM] [K7cAm#1] EliSkzzz: became mortal (standard mode)
[12:23:39 AM] [K7cAm#1] EliSkzzz: disconnected (Exiting)

================================================================
======== txAdmin Starting - 11/15/2023, 12:25:14 AM             
================================================================
[12:27:12 AM] txAdmin: Logger started
[12:28:18 AM] [nDBJj#1] EliSkzzz: joined with identifiers [steam:1100001584761a5; license:6534666eeab13bcaef982219612f5a68ddd455de; xbl:2535464651082284; live:1899947382947272; discord:473273865423028226; fivem:10893259; license2:6534666eeab13bcaef982219612f5a68ddd455de]
[12:45:14 AM] [nDBJj#1] EliSkzzz: enabled noclip
[12:45:21 AM] [nDBJj#1] EliSkzzz: became mortal (standard mode)
[12:45:35 AM] [nDBJj#1] EliSkzzz: enabled noclip
[12:45:36 AM] [nDBJj#1] EliSkzzz: became mortal (standard mode)
[12:56:05 AM] [nDBJj#1] EliSkzzz: enabled noclip
[12:56:08 AM] [nDBJj#1] EliSkzzz: became mortal (standard mode)
[12:57:00 AM] [nDBJj#1] EliSkzzz: enabled noclip
[12:57:08 AM] [nDBJj#1] EliSkzzz: became mortal (standard mode)
[12:59:30 AM] [nDBJj#1] EliSkzzz: enabled noclip
[12:59:32 AM] [nDBJj#1] EliSkzzz: became mortal (standard mode)
[1:08:46 AM] [nDBJj#1] EliSkzzz: enabled noclip
[1:08:48 AM] [nDBJj#1] EliSkzzz: became mortal (standard mode)
[1:49:18 AM] [nDBJj#1] EliSkzzz: enabled noclip
[1:49:22 AM] [nDBJj#1] EliSkzzz: became mortal (standard mode)
[2:00:06 AM] [nDBJj#1] EliSkzzz: enabled noclip
[2:00:09 AM] [nDBJj#1] EliSkzzz: became mortal (standard mode)
[2:02:18 AM] [nDBJj#1] EliSkzzz: disconnected ([txAdmin] Server restarting (requested by Elvir_Thaqi1).)
[2:04:37 AM] txAdmin: Logger started
[2:05:37 AM] [cRcnp#1] EliSkzzz: joined with identifiers [steam:1100001584761a5; license:6534666eeab13bcaef982219612f5a68ddd455de; xbl:2535464651082284; live:1899947382947272; discord:473273865423028226; fivem:10893259; license2:6534666eeab13bcaef982219612f5a68ddd455de]
[2:28:13 AM] [cRcnp#1] EliSkzzz: enabled noclip
[2:28:15 AM] [cRcnp#1] EliSkzzz: became mortal (standard mode)
[2:28:40 AM] [cRcnp#1] EliSkzzz: enabled noclip
[2:28:42 AM] [cRcnp#1] EliSkzzz: became mortal (standard mode)
[2:29:00 AM] [cRcnp#1] EliSkzzz: enabled noclip
[2:29:04 AM] [cRcnp#1] EliSkzzz: became mortal (standard mode)
[2:29:19 AM] [cRcnp#1] EliSkzzz: enabled noclip
[2:29:25 AM] [cRcnp#1] EliSkzzz: became mortal (standard mode)
[2:32:18 AM] [cRcnp#1] EliSkzzz: enabled noclip
[2:32:19 AM] [cRcnp#1] EliSkzzz: became mortal (standard mode)
[2:32:30 AM] [cRcnp#1] EliSkzzz: enabled noclip
[2:32:37 AM] [cRcnp#1] EliSkzzz: became mortal (standard mode)
[2:37:25 AM] [cRcnp#1] EliSkzzz: disconnected (Exiting)
[2:39:03 AM] txAdmin: Logger started
[2:40:43 AM] [mHyg8#1] EliSkzzz: joined with identifiers [steam:1100001584761a5; license:6534666eeab13bcaef982219612f5a68ddd455de; xbl:2535464651082284; live:1899947382947272; discord:473273865423028226; fivem:10893259; license2:6534666eeab13bcaef982219612f5a68ddd455de]
[2:50:34 AM] [mHyg8#1] EliSkzzz: enabled noclip
[2:50:36 AM] [mHyg8#1] EliSkzzz: became mortal (standard mode)
[3:28:57 AM] [mHyg8#1] EliSkzzz: disconnected (Exiting)

================================================================
======== txAdmin Starting - 11/15/2023, 3:35:53 AM              
================================================================
[3:39:27 AM] txAdmin: Logger started
[3:40:09 AM] [kUYG4#1] EliSkzzz: joined with identifiers [steam:1100001584761a5; license:6534666eeab13bcaef982219612f5a68ddd455de; xbl:2535464651082284; live:1899947382947272; discord:473273865423028226; fivem:10893259; license2:6534666eeab13bcaef982219612f5a68ddd455de]
[3:46:36 AM] [kUYG4#1] EliSkzzz: enabled noclip
[3:47:03 AM] [kUYG4#1] EliSkzzz: became mortal (standard mode)

================================================================
======== txAdmin Starting - 11/15/2023, 5:13:14 AM              
================================================================

================================================================
======== txAdmin Starting - 11/15/2023, 5:21:36 AM              
================================================================
[5:23:48 AM] txAdmin: Logger started
[5:26:05 AM] [VWdbK#1] EliSkzzz: joined with identifiers [steam:1100001584761a5; license:6534666eeab13bcaef982219612f5a68ddd455de; xbl:2535464651082284; live:1899947382947272; discord:473273865423028226; fivem:10893259; license2:6534666eeab13bcaef982219612f5a68ddd455de]

================================================================
======== txAdmin Starting - 11/15/2023, 3:33:02 PM              
================================================================
[3:35:06 PM] txAdmin: Logger started
[3:37:19 PM] [rMNJn#1] EliSkzzz: joined with identifiers [steam:1100001584761a5; license:6534666eeab13bcaef982219612f5a68ddd455de; xbl:2535464651082284; live:1899947382947272; discord:473273865423028226; fivem:10893259; license2:6534666eeab13bcaef982219612f5a68ddd455de]

================================================================
======== txAdmin Starting - 11/15/2023, 5:33:42 PM              
================================================================

================================================================
======== txAdmin Starting - 11/15/2023, 5:34:01 PM              
================================================================
[5:36:11 PM] txAdmin: Logger started

================================================================
======== txAdmin Starting - 11/15/2023, 8:25:51 PM              
================================================================
[8:28:03 PM] txAdmin: Logger started
[8:39:01 PM] [tYKgE#1] EliSkzzz: joined with identifiers [steam:1100001584761a5; license:6534666eeab13bcaef982219612f5a68ddd455de; xbl:2535464651082284; live:1899947382947272; discord:473273865423028226; fivem:10893259; license2:6534666eeab13bcaef982219612f5a68ddd455de]
[8:57:35 PM] [tYKgE#1] EliSkzzz: enabled noclip
[8:57:44 PM] [tYKgE#1] EliSkzzz: became mortal (standard mode)
[8:58:28 PM] [tYKgE#1] EliSkzzz: enabled noclip
[8:58:29 PM] [tYKgE#1] EliSkzzz: became mortal (standard mode)
[9:10:54 PM] [tYKgE#1] EliSkzzz: enabled noclip
[9:10:58 PM] [tYKgE#1] EliSkzzz: became mortal (standard mode)
[9:41:37 PM] [tYKgE#1] EliSkzzz: enabled noclip
[9:41:39 PM] [tYKgE#1] EliSkzzz: became mortal (standard mode)
[9:42:02 PM] [tYKgE#1] EliSkzzz: enabled noclip
[9:42:05 PM] [tYKgE#1] EliSkzzz: became mortal (standard mode)
[9:42:06 PM] [tYKgE#1] EliSkzzz: enabled noclip
[9:42:11 PM] [tYKgE#1] EliSkzzz: became mortal (standard mode)
[9:58:48 PM] [tYKgE#1] EliSkzzz: healed themself
[10:01:43 PM] [tYKgE#1] EliSkzzz: enabled noclip
[10:01:53 PM] [tYKgE#1] EliSkzzz: became mortal (standard mode)
[11:52:10 PM] [tYKgE#1] EliSkzzz: disconnected ([txAdmin] Server restarting (requested by Elvir_Thaqi1).)
[11:54:15 PM] txAdmin: Logger started
[11:55:57 PM] [G4QAz#1] EliSkzzz: joined with identifiers [steam:1100001584761a5; license:6534666eeab13bcaef982219612f5a68ddd455de; xbl:2535464651082284; live:1899947382947272; discord:473273865423028226; fivem:10893259; license2:6534666eeab13bcaef982219612f5a68ddd455de]
