
================================================================
======== txAdmin Starting - 12/15/2023, 3:55:53 AM              
================================================================

================================================================
======== Log Rotated - 12/15/2023, 3:55:54 AM                   
================================================================
[3:57:09 AM] txAdmin: Logger started
[3:57:52 AM] [eCfwt#1] ケイ・ケイ: joined with identifiers [steam:1100001584761a5; license:6534666eeab13bcaef982219612f5a68ddd455de; xbl:2535464651082284; live:1899947382947272; discord:473273865423028226; fivem:10893259; license2:6534666eeab13bcaef982219612f5a68ddd455de]
[4:08:36 AM] [eCfwt#1] ケイ・ケイ: disconnected (Exiting)

================================================================
======== txAdmin Starting - 12/15/2023, 6:45:05 PM              
================================================================
[6:46:07 PM] txAdmin: Logger started
[6:47:29 PM] [eAyHE#1] ケイ・ケイ: joined with identifiers [steam:1100001584761a5; license:6534666eeab13bcaef982219612f5a68ddd455de; xbl:2535464651082284; live:1899947382947272; discord:473273865423028226; fivem:10893259; license2:6534666eeab13bcaef982219612f5a68ddd455de]
[6:49:00 PM] [eAyHE#1] ケイ・ケイ: enabled noclip
[6:49:02 PM] [eAyHE#1] ケイ・ケイ: became mortal (standard mode)
[6:58:41 PM] [eAyHE#1] ケイ・ケイ: enabled noclip
[6:58:45 PM] [eAyHE#1] ケイ・ケイ: became mortal (standard mode)
[7:09:28 PM] [eAyHE#1] ケイ・ケイ: enabled noclip
[7:09:44 PM] [eAyHE#1] ケイ・ケイ: became mortal (standard mode)
[7:09:56 PM] [eAyHE#1] ケイ・ケイ: enabled noclip
[7:10:03 PM] [eAyHE#1] ケイ・ケイ: became mortal (standard mode)
[7:18:11 PM] [eAyHE#1] ケイ・ケイ: disconnected ([txAdmin] Server restarting (requested by Elvir_Thaqi1).)
[7:19:59 PM] txAdmin: Logger started
[7:20:33 PM] [LFQ9J#1] ケイ・ケイ: joined with identifiers [steam:1100001584761a5; license:6534666eeab13bcaef982219612f5a68ddd455de; xbl:2535464651082284; live:1899947382947272; discord:473273865423028226; fivem:10893259; license2:6534666eeab13bcaef982219612f5a68ddd455de]
[7:21:45 PM] [LFQ9J#1] ケイ・ケイ: enabled noclip
[7:21:58 PM] [LFQ9J#1] ケイ・ケイ: became mortal (standard mode)
