
================================================================
======== Log Rotated - 11/29/2023, 12:00:00 AM                  
================================================================
[12:04:47 AM] [AXwLf#1] EliSkzzz: disconnected (Exiting)
[12:31:55 AM] [AXwLf#2] EliSkzzz: joined with identifiers [steam:1100001584761a5; license:6534666eeab13bcaef982219612f5a68ddd455de; xbl:2535464651082284; live:1899947382947272; discord:473273865423028226; fivem:10893259; license2:6534666eeab13bcaef982219612f5a68ddd455de]
[12:43:41 AM] [AXwLf#2] EliSkzzz: disconnected (Game crashed: 0x0)
[12:51:19 AM] [AXwLf#3] EliSkzzz: joined with identifiers [steam:1100001584761a5; license:6534666eeab13bcaef982219612f5a68ddd455de; xbl:2535464651082284; live:1899947382947272; discord:473273865423028226; fivem:10893259; license2:6534666eeab13bcaef982219612f5a68ddd455de]
[12:58:51 AM] [AXwLf#3] EliSkzzz: disconnected (Game crashed: file:// URI requests in DUI are not supported.)
[1:01:03 AM] [AXwLf#4] EliSkzzz: joined with identifiers [steam:1100001584761a5; license:6534666eeab13bcaef982219612f5a68ddd455de; xbl:2535464651082284; live:1899947382947272; discord:473273865423028226; fivem:10893259; license2:6534666eeab13bcaef982219612f5a68ddd455de]
[1:19:25 AM] [AXwLf#4] EliSkzzz: repaired their vehicle
[1:20:18 AM] [AXwLf#4] EliSkzzz: disconnected (Game crashed: file:// URI requests in DUI are not supported.)

================================================================
======== txAdmin Starting - 11/29/2023, 5:08:58 PM              
================================================================
[5:11:40 PM] txAdmin: Logger started
[5:12:25 PM] [NUdzX#1] EliSkzzz: joined with identifiers [steam:1100001584761a5; license:6534666eeab13bcaef982219612f5a68ddd455de; xbl:2535464651082284; live:1899947382947272; discord:473273865423028226; fivem:10893259; license2:6534666eeab13bcaef982219612f5a68ddd455de]
[5:13:35 PM] [NUdzX#1] EliSkzzz: enabled noclip
[5:13:36 PM] [NUdzX#1] EliSkzzz: became mortal (standard mode)
[5:32:56 PM] [NUdzX#1] EliSkzzz: caused an explosion (CAR)
[6:35:01 PM] [NUdzX#1] EliSkzzz: enabled noclip
[6:35:41 PM] [NUdzX#1] EliSkzzz: became mortal (standard mode)
[6:35:46 PM] [NUdzX#1] EliSkzzz: disconnected (Exiting)
[10:02:44 PM] [NUdzX#2] EliSkzzz: joined with identifiers [steam:1100001584761a5; license:6534666eeab13bcaef982219612f5a68ddd455de; xbl:2535464651082284; live:1899947382947272; discord:473273865423028226; fivem:10893259; license2:6534666eeab13bcaef982219612f5a68ddd455de]
[10:02:50 PM] [NUdzX#2] EliSkzzz: disconnected (Exiting)
[10:13:50 PM] [NUdzX#3] EliSkzzz: joined with identifiers [steam:1100001584761a5; license:6534666eeab13bcaef982219612f5a68ddd455de; xbl:2535464651082284; live:1899947382947272; discord:473273865423028226; fivem:10893259; license2:6534666eeab13bcaef982219612f5a68ddd455de]
[11:27:18 PM] [NUdzX#3] EliSkzzz: disconnected (Exiting)
