
================================================================
======== txAdmin Starting - 12/6/2023, 12:05:49 AM              
================================================================

================================================================
======== Log Rotated - 12/6/2023, 12:05:49 AM                   
================================================================
[12:08:47 AM] txAdmin: Logger started
[12:22:12 AM] [RzNFX#1] EliSkzzz: joined with identifiers [steam:1100001584761a5; license:6534666eeab13bcaef982219612f5a68ddd455de; xbl:2535464651082284; live:1899947382947272; discord:473273865423028226; fivem:10893259; license2:6534666eeab13bcaef982219612f5a68ddd455de]
[12:37:18 AM] [RzNFX#1] EliSkzzz: disconnected (Exiting)

================================================================
======== txAdmin Starting - 12/6/2023, 12:56:34 AM              
================================================================

================================================================
======== txAdmin Starting - 12/6/2023, 12:58:01 AM              
================================================================
[1:00:33 AM] txAdmin: Logger started
[1:03:02 AM] [eQ9xa#1] EliSkzzz: joined with identifiers [steam:1100001584761a5; license:6534666eeab13bcaef982219612f5a68ddd455de; xbl:2535464651082284; live:1899947382947272; discord:473273865423028226; fivem:10893259; license2:6534666eeab13bcaef982219612f5a68ddd455de]
[1:07:23 AM] [eQ9xa#1] EliSkzzz: disconnected (Exiting)
[1:08:42 AM] [eQ9xa#2] EliSkzzz: joined with identifiers [steam:1100001584761a5; license:6534666eeab13bcaef982219612f5a68ddd455de; xbl:2535464651082284; live:1899947382947272; discord:473273865423028226; fivem:10893259; license2:6534666eeab13bcaef982219612f5a68ddd455de]
[1:13:37 AM] [eQ9xa#2] EliSkzzz: enabled noclip
[1:13:40 AM] [eQ9xa#2] EliSkzzz: became mortal (standard mode)
[1:14:14 AM] [eQ9xa#2] EliSkzzz: enabled noclip
[1:14:22 AM] [eQ9xa#2] EliSkzzz: became mortal (standard mode)
[1:15:16 AM] [eQ9xa#2] EliSkzzz: enabled noclip
[1:15:16 AM] [eQ9xa#2] EliSkzzz: became mortal (standard mode)
[1:31:25 AM] [eQ9xa#2] EliSkzzz: disconnected (Exiting)

================================================================
======== txAdmin Starting - 12/9/2023, 1:37:07 PM               
================================================================
[1:37:58 PM] txAdmin: Logger started
[2:41:56 PM] [X8Bdy#1] EliSkzzz: joined with identifiers [steam:1100001584761a5; license:6534666eeab13bcaef982219612f5a68ddd455de; xbl:2535464651082284; live:1899947382947272; discord:473273865423028226; fivem:10893259; license2:6534666eeab13bcaef982219612f5a68ddd455de]
[3:08:45 PM] [X8Bdy#1] EliSkzzz: enabled noclip
[3:08:49 PM] [X8Bdy#1] EliSkzzz: became mortal (standard mode)
[3:08:57 PM] [X8Bdy#1] EliSkzzz: enabled noclip
[3:09:02 PM] [X8Bdy#1] EliSkzzz: became mortal (standard mode)
[3:09:14 PM] [X8Bdy#1] EliSkzzz: enabled noclip
[3:09:42 PM] [X8Bdy#1] EliSkzzz: became mortal (standard mode)
[3:10:27 PM] [X8Bdy#1] EliSkzzz: enabled noclip
[3:10:30 PM] [X8Bdy#1] EliSkzzz: became mortal (standard mode)
[4:32:29 PM] [X8Bdy#1] EliSkzzz: enabled noclip
[4:32:35 PM] [X8Bdy#1] EliSkzzz: became mortal (standard mode)
[4:35:58 PM] [X8Bdy#1] EliSkzzz: teleported to coordinates (x=-35.220, y=1950.840, z=189.500)
[4:36:19 PM] [X8Bdy#1] EliSkzzz: teleported to coordinates (x=3817.850, y=4439.480, z=2.810)
[4:36:23 PM] [X8Bdy#1] EliSkzzz: enabled noclip
[4:36:37 PM] [X8Bdy#1] EliSkzzz: became mortal (standard mode)
[4:36:55 PM] [X8Bdy#1] EliSkzzz: teleported to coordinates (x=-1359.190, y=-759.730, z=21.500)
[4:38:15 PM] [X8Bdy#1] EliSkzzz: teleported to coordinates (x=441.450, y=3520.730, z=33.680)
[4:39:09 PM] [X8Bdy#1] EliSkzzz: enabled noclip
[4:39:37 PM] [X8Bdy#1] EliSkzzz: became mortal (standard mode)
[4:39:41 PM] [X8Bdy#1] EliSkzzz: enabled noclip
[4:39:46 PM] [X8Bdy#1] EliSkzzz: became mortal (standard mode)
[4:39:49 PM] [X8Bdy#1] EliSkzzz: enabled noclip
[4:40:05 PM] [X8Bdy#1] EliSkzzz: became mortal (standard mode)
[4:44:18 PM] [X8Bdy#1] EliSkzzz: enabled noclip
[4:44:33 PM] [X8Bdy#1] EliSkzzz: became mortal (standard mode)
[4:47:21 PM] [X8Bdy#1] EliSkzzz: enabled noclip
[4:47:26 PM] [X8Bdy#1] EliSkzzz: became mortal (standard mode)
[4:49:56 PM] [X8Bdy#1] EliSkzzz: enabled noclip
[4:50:01 PM] [X8Bdy#1] EliSkzzz: became mortal (standard mode)
[4:53:26 PM] [X8Bdy#1] EliSkzzz: enabled noclip
[4:53:27 PM] [X8Bdy#1] EliSkzzz: became mortal (standard mode)
[4:53:28 PM] [X8Bdy#1] EliSkzzz: teleported to coordinates (x=-1359.190, y=-759.730, z=21.500)
[4:55:05 PM] [X8Bdy#1] EliSkzzz: enabled noclip
[4:55:07 PM] [X8Bdy#1] EliSkzzz: became mortal (standard mode)
[4:57:19 PM] [X8Bdy#1] EliSkzzz: enabled noclip
[4:57:23 PM] [X8Bdy#1] EliSkzzz: became mortal (standard mode)
[5:00:20 PM] [X8Bdy#1] EliSkzzz: enabled noclip
[5:00:22 PM] [X8Bdy#1] EliSkzzz: became mortal (standard mode)
[5:01:08 PM] [X8Bdy#1] EliSkzzz: enabled noclip
[5:01:10 PM] [X8Bdy#1] EliSkzzz: became mortal (standard mode)
[5:05:30 PM] [X8Bdy#1] EliSkzzz: disconnected (Exiting)

================================================================
======== txAdmin Starting - 12/9/2023, 5:06:48 PM               
================================================================
[5:07:39 PM] txAdmin: Logger started

================================================================
======== txAdmin Starting - 12/9/2023, 5:11:32 PM               
================================================================
[5:12:31 PM] txAdmin: Logger started
[5:14:16 PM] [yfAiT#1] EliSkzzz: joined with identifiers [steam:1100001584761a5; license:6534666eeab13bcaef982219612f5a68ddd455de; xbl:2535464651082284; live:1899947382947272; discord:473273865423028226; fivem:10893259; license2:6534666eeab13bcaef982219612f5a68ddd455de]
[5:20:11 PM] [yfAiT#1] EliSkzzz: enabled noclip
[5:20:12 PM] [yfAiT#1] EliSkzzz: became mortal (standard mode)
[5:36:00 PM] [yfAiT#1] EliSkzzz: disconnected (Exiting)
