
================================================================
======== txAdmin Starting - 12/1/2023, 5:33:54 PM               
================================================================

================================================================
======== Log Rotated - 12/1/2023, 5:33:54 PM                    
================================================================
[5:36:41 PM] txAdmin: Logger started

================================================================
======== txAdmin Starting - 12/1/2023, 6:39:02 PM               
================================================================
[6:39:20 PM] txAdmin: Logger started
[6:47:04 PM] [kJNTY#1] EliSkzzz: joined with identifiers [steam:1100001584761a5; license:6534666eeab13bcaef982219612f5a68ddd455de; xbl:2535464651082284; live:1899947382947272; discord:473273865423028226; fivem:10893259; license2:6534666eeab13bcaef982219612f5a68ddd455de]
[8:34:22 PM] [kJNTY#1] EliSkzzz: died from suicide (Falling)
[8:38:08 PM] [kJNTY#1] EliSkzzz: enabled noclip
[8:38:16 PM] [kJNTY#1] EliSkzzz: became mortal (standard mode)
[8:38:23 PM] [kJNTY#1] EliSkzzz: enabled noclip
[8:38:34 PM] [kJNTY#1] EliSkzzz: became mortal (standard mode)
[8:39:23 PM] [kJNTY#1] EliSkzzz: enabled noclip
[8:39:30 PM] [kJNTY#1] EliSkzzz: became mortal (standard mode)
[8:40:20 PM] [kJNTY#1] EliSkzzz: enabled noclip
[8:40:22 PM] [kJNTY#1] EliSkzzz: became mortal (standard mode)
[9:48:22 PM] [kJNTY#1] EliSkzzz: disconnected (Exiting)

================================================================
======== txAdmin Starting - 12/1/2023, 11:07:28 PM              
================================================================
[11:10:52 PM] txAdmin: Logger started
[11:11:10 PM] [cpRHJ#1] EliSkzzz: joined with identifiers [steam:1100001584761a5; license:6534666eeab13bcaef982219612f5a68ddd455de; xbl:2535464651082284; live:1899947382947272; discord:473273865423028226; fivem:10893259; license2:6534666eeab13bcaef982219612f5a68ddd455de]
[11:20:11 PM] [cpRHJ#1] EliSkzzz: disconnected (Game crashed: An exception occurred (c0000005 at 0x7ffb3743e1f3) during loading of resources:/cfx-extracars/common/vehicles.meta in data file mounter 0x141a4b9c8. The game will be terminated.)
[11:21:50 PM] [cpRHJ#2] EliSkzzz: joined with identifiers [steam:1100001584761a5; license:6534666eeab13bcaef982219612f5a68ddd455de; xbl:2535464651082284; live:1899947382947272; discord:473273865423028226; fivem:10893259; license2:6534666eeab13bcaef982219612f5a68ddd455de]
[11:22:16 PM] [cpRHJ#2] EliSkzzz: disconnected (Game crashed: An exception occurred (c0000005 at 0x7ffb35f0e1f3) during loading of resources:/cfx-extracars/common/vehicles.meta in data file mounter 0x141a4b9c8. The game will be terminated.)
[11:23:35 PM] [cpRHJ#3] EliSkzzz: joined with identifiers [steam:1100001584761a5; license:6534666eeab13bcaef982219612f5a68ddd455de; xbl:2535464651082284; live:1899947382947272; discord:473273865423028226; fivem:10893259; license2:6534666eeab13bcaef982219612f5a68ddd455de]
[11:30:51 PM] [cpRHJ#3] EliSkzzz: disconnected (Game crashed: Invalid fixup, address is neither virtual nor physical (in spectre24.yft))
[11:33:08 PM] [cpRHJ#4] EliSkzzz: joined with identifiers [steam:1100001584761a5; license:6534666eeab13bcaef982219612f5a68ddd455de; xbl:2535464651082284; live:1899947382947272; discord:473273865423028226; fivem:10893259; license2:6534666eeab13bcaef982219612f5a68ddd455de]
