
================================================================
======== Log Rotated - 12/2/2023, 12:00:00 AM                   
================================================================
[12:08:04 AM] [cpRHJ#4] EliSkzzz: disconnected (Exiting)

================================================================
======== txAdmin Starting - 12/2/2023, 2:52:44 PM               
================================================================
[2:55:10 PM] txAdmin: Logger started
[2:56:19 PM] [9C6MC#1] EliSkzzz: joined with identifiers [steam:1100001584761a5; license:6534666eeab13bcaef982219612f5a68ddd455de; xbl:2535464651082284; live:1899947382947272; discord:473273865423028226; license2:6534666eeab13bcaef982219612f5a68ddd455de]
[3:04:38 PM] [9C6MC#1] EliSkzzz: disconnected (Exiting)
[3:05:21 PM] [9C6MC#2] EliSkzzz: joined with identifiers [steam:1100001584761a5; license:6534666eeab13bcaef982219612f5a68ddd455de; xbl:2535464651082284; live:1899947382947272; discord:473273865423028226; fivem:10893259; license2:6534666eeab13bcaef982219612f5a68ddd455de]
[3:06:27 PM] [9C6MC#2] EliSkzzz: disconnected (Game crashed: Invalid fixup, address is neither virtual nor physical (in spectre24.yft))
[3:07:29 PM] [9C6MC#3] EliSkzzz: joined with identifiers [steam:1100001584761a5; license:6534666eeab13bcaef982219612f5a68ddd455de; xbl:2535464651082284; live:1899947382947272; discord:473273865423028226; fivem:10893259; license2:6534666eeab13bcaef982219612f5a68ddd455de]
[3:20:42 PM] [9C6MC#3] EliSkzzz: enabled noclip
[3:20:47 PM] [9C6MC#3] EliSkzzz: became mortal (standard mode)
[3:27:40 PM] [9C6MC#3] EliSkzzz: caused an explosion (PLANE)
[3:27:40 PM] [9C6MC#3] EliSkzzz: died from suicide (Explosion)
[5:16:47 PM] [9C6MC#3] EliSkzzz: died from suicide (Falling)

================================================================
======== txAdmin Starting - 12/2/2023, 8:28:40 PM               
================================================================
[8:31:09 PM] txAdmin: Logger started
[8:31:37 PM] [fH8jp#1] EliSkzzz: joined with identifiers [steam:1100001584761a5; license:6534666eeab13bcaef982219612f5a68ddd455de; xbl:2535464651082284; live:1899947382947272; discord:473273865423028226; fivem:10893259; license2:6534666eeab13bcaef982219612f5a68ddd455de]
[8:32:22 PM] [fH8jp#1] EliSkzzz: enabled noclip
[8:32:28 PM] [fH8jp#1] EliSkzzz: became mortal (standard mode)
[8:32:53 PM] [fH8jp#1] EliSkzzz: healed all players!
[9:22:32 PM] [fH8jp#1] EliSkzzz: disconnected (Exiting)

================================================================
======== txAdmin Starting - 12/2/2023, 11:58:35 PM              
================================================================
